Using pre-set license
Built from '6000.0/staging' branch; Version is '6000.0.23f1 (1c4764c07fb4) revision 1853284'; Using compiler version '193933523'; Build Type 'Release'
OS: 'Windows 11  (10.0.22631) 64bit Core' Language: 'en' Physical Memory: 65254 MB
BatchMode: 1, IsHumanControllingUs: 0, StartBugReporterOnCrash: 0, Is64bit: 1, IsPro: 1

COMMAND LINE ARGUMENTS:
D:\unity\installs\6000.0.23f1\Editor\Unity.exe
-adb2
-batchMode
-noUpm
-name
AssetImportWorker3
-projectPath
D:/projects/shootducks/Shooter
-logFile
Logs/AssetImportWorker3.log
-srvPort
56004
-job-worker-count
7
-background-job-worker-count
8
-asset-garbage-collectors
1
Successfully changed project path to: D:/projects/shootducks/Shooter
D:/projects/shootducks/Shooter
[UnityMemory] Configuration Parameters - Can be set up in boot.config
    "memorysetup-bucket-allocator-granularity=16"
    "memorysetup-bucket-allocator-bucket-count=8"
    "memorysetup-bucket-allocator-block-size=33554432"
    "memorysetup-bucket-allocator-block-count=8"
    "memorysetup-main-allocator-block-size=16777216"
    "memorysetup-thread-allocator-block-size=16777216"
    "memorysetup-gfx-main-allocator-block-size=16777216"
    "memorysetup-gfx-thread-allocator-block-size=16777216"
    "memorysetup-cache-allocator-block-size=4194304"
    "memorysetup-typetree-allocator-block-size=2097152"
    "memorysetup-profiler-bucket-allocator-granularity=16"
    "memorysetup-profiler-bucket-allocator-bucket-count=8"
    "memorysetup-profiler-bucket-allocator-block-size=33554432"
    "memorysetup-profiler-bucket-allocator-block-count=8"
    "memorysetup-profiler-allocator-block-size=16777216"
    "memorysetup-profiler-editor-allocator-block-size=1048576"
    "memorysetup-temp-allocator-size-main=16777216"
    "memorysetup-job-temp-allocator-block-size=2097152"
    "memorysetup-job-temp-allocator-block-size-background=1048576"
    "memorysetup-job-temp-allocator-reduction-small-platforms=262144"
    "memorysetup-allocator-temp-initial-block-size-main=262144"
    "memorysetup-allocator-temp-initial-block-size-worker=262144"
    "memorysetup-temp-allocator-size-background-worker=32768"
    "memorysetup-temp-allocator-size-job-worker=262144"
    "memorysetup-temp-allocator-size-preload-manager=33554432"
    "memorysetup-temp-allocator-size-nav-mesh-worker=65536"
    "memorysetup-temp-allocator-size-audio-worker=65536"
    "memorysetup-temp-allocator-size-cloud-worker=32768"
    "memorysetup-temp-allocator-size-gi-baking-worker=262144"
    "memorysetup-temp-allocator-size-gi-baking-worker=262144"
    "memorysetup-temp-allocator-size-gi-baking-worker=262144"
    "memorysetup-temp-allocator-size-gi-baking-worker=262144"
    "memorysetup-temp-allocator-size-gi-baking-worker=262144"
    "memorysetup-temp-allocator-size-gfx=262144"
Player connection [23732]  Target information:

Player connection [23732]  * "[IP] 192.168.1.153 [Port] 0 [Flags] 2 [Guid] 1150157980 [EditorId] 1150157980 [Version] 1048832 [Id] WindowsEditor(7,Lukespc) [Debug] 1 [PackageName] WindowsEditor [ProjectName] Editor" 

Player connection [23732]  * "[IP] 172.29.224.1 [Port] 0 [Flags] 2 [Guid] 1150157980 [EditorId] 1150157980 [Version] 1048832 [Id] WindowsEditor(7,Lukespc) [Debug] 1 [PackageName] WindowsEditor [ProjectName] Editor" 

Player connection [23732] Host joined multi-casting on [225.0.0.222:54997]...
Player connection [23732] Host joined alternative multi-casting on [225.0.0.222:34997]...
JobSystem: Creating JobQueue using job-worker-count value 7
[Physics::Module] Initialized fallback backend.
[Physics::Module] Id: 0xdecafbad
Library Redirect Path: Library/
[Physics::Module] Selected backend.
[Physics::Module] Name: PhysX
[Physics::Module] Id: 0xf2b8ea05
[Physics::Module] SDK Version: 4.1.2
[Physics::Module] Integration Version: 1.0.0
[Physics::Module] Threading Mode: Multi-Threaded
Refreshing native plugins compatible for Editor in 1.87 ms, found 3 plugins.
Preloading 0 native plugins for Editor in 0.00 ms.
Initialize engine version: 6000.0.23f1 (1c4764c07fb4)
[Subsystems] Discovering subsystems at path D:/unity/installs/6000.0.23f1/Editor/Data/Resources/UnitySubsystems
[Subsystems] Discovering subsystems at path D:/projects/shootducks/Shooter/Assets
GfxDevice: creating device client; kGfxThreadingModeNonThreaded
Direct3D:
    Version:  Direct3D 11.0 [level 11.1]
    Renderer: NVIDIA GeForce RTX 3070 (ID=0x2488)
    Vendor:   NVIDIA
    VRAM:     8018 MB
    Driver:   32.0.15.6636
Shader 'SyntyStudios/SkyboxUnlit': fallback shader 'wiiu' not found
Shader 'SyntyStudios/TriplanarBasic': fallback shader 'wiiu' not found
Shader 'SyntyStudios/Basic_LOD_Shader': fallback shader 'wiiu' not found
Shader 'SyntyStudios/CloudShader': fallback shader 'wiiu' not found
Shader 'SyntyStudios/CloudShaderNoFog': fallback shader 'wiiu' not found
Shader 'SyntyStudios/SkyboxUnlitNoFog': fallback shader 'wiiu' not found
Initialize mono
Mono path[0] = 'D:/unity/installs/6000.0.23f1/Editor/Data/Managed'
Mono path[1] = 'D:/unity/installs/6000.0.23f1/Editor/Data/MonoBleedingEdge/lib/mono/unityjit-win32'
Mono config path = 'D:/unity/installs/6000.0.23f1/Editor/Data/MonoBleedingEdge/etc'
Using monoOptions --debugger-agent=transport=dt_socket,embedding=1,server=y,suspend=n,address=127.0.0.1:56784
Begin MonoManager ReloadAssembly
Registering precompiled unity dll's ...
Register platform support module: D:/unity/installs/6000.0.23f1/Editor/Data/PlaybackEngines/MacStandaloneSupport/UnityEditor.OSXStandalone.Extensions.dll
Register platform support module: D:/unity/installs/6000.0.23f1/Editor/Data/PlaybackEngines/WindowsStandaloneSupport/UnityEditor.WindowsStandalone.Extensions.dll
Register platform support module: D:/unity/installs/6000.0.23f1/Editor/Data/PlaybackEngines/MetroSupport/UnityEditor.UWP.Extensions.dll
Register platform support module: D:/unity/installs/6000.0.23f1/Editor/Data/PlaybackEngines/LinuxStandaloneSupport/UnityEditor.LinuxStandalone.Extensions.dll
Registered in 0.005202 seconds.
- Loaded All Assemblies, in  0.475 seconds
Native extension for LinuxStandalone target not found
Native extension for UWP target not found
Native extension for WindowsStandalone target not found
Native extension for OSXStandalone target not found
Mono: successfully reloaded assembly
- Finished resetting the current domain, in  0.426 seconds
Domain Reload Profiling: 902ms
	BeginReloadAssembly (177ms)
		ExecutionOrderSort (0ms)
		DisableScriptedObjects (0ms)
		BackupInstance (0ms)
		ReleaseScriptingObjects (0ms)
		CreateAndSetChildDomain (1ms)
	RebuildCommonClasses (53ms)
	RebuildNativeTypeToScriptingClass (13ms)
	initialDomainReloadingComplete (56ms)
	LoadAllAssembliesAndSetupDomain (176ms)
		LoadAssemblies (177ms)
		RebuildTransferFunctionScriptingTraits (0ms)
		AnalyzeDomain (172ms)
			TypeCache.Refresh (170ms)
				TypeCache.ScanAssembly (156ms)
			BuildScriptInfoCaches (0ms)
			ResolveRequiredComponents (0ms)
	FinalizeReload (427ms)
		ReleaseScriptCaches (0ms)
		RebuildScriptCaches (0ms)
		SetupLoadedEditorAssemblies (378ms)
			LogAssemblyErrors (0ms)
			InitializePlatformSupportModulesInManaged (94ms)
			SetLoadedEditorAssemblies (5ms)
			BeforeProcessingInitializeOnLoad (7ms)
			ProcessInitializeOnLoadAttributes (185ms)
			ProcessInitializeOnLoadMethodAttributes (82ms)
			AfterProcessingInitializeOnLoad (5ms)
			EditorAssembliesLoaded (0ms)
		ExecutionOrderSort2 (0ms)
		AwakeInstancesAfterBackupRestoration (0ms)
========================================================================
Worker process is ready to serve import requests
Import Worker Mode flag is 0x00
Begin MonoManager ReloadAssembly
- Loaded All Assemblies, in  1.215 seconds
Refreshing native plugins compatible for Editor in 1.51 ms, found 3 plugins.
Native extension for LinuxStandalone target not found
Native extension for UWP target not found
Native extension for WindowsStandalone target not found
Native extension for OSXStandalone target not found
Mono: successfully reloaded assembly
- Finished resetting the current domain, in  1.217 seconds
Domain Reload Profiling: 2432ms
	BeginReloadAssembly (509ms)
		ExecutionOrderSort (0ms)
		DisableScriptedObjects (7ms)
		BackupInstance (0ms)
		ReleaseScriptingObjects (0ms)
		CreateAndSetChildDomain (31ms)
	RebuildCommonClasses (42ms)
	RebuildNativeTypeToScriptingClass (13ms)
	initialDomainReloadingComplete (47ms)
	LoadAllAssembliesAndSetupDomain (603ms)
		LoadAssemblies (426ms)
		RebuildTransferFunctionScriptingTraits (0ms)
		AnalyzeDomain (326ms)
			TypeCache.Refresh (233ms)
				TypeCache.ScanAssembly (214ms)
			BuildScriptInfoCaches (74ms)
			ResolveRequiredComponents (15ms)
	FinalizeReload (1218ms)
		ReleaseScriptCaches (0ms)
		RebuildScriptCaches (0ms)
		SetupLoadedEditorAssemblies (924ms)
			LogAssemblyErrors (0ms)
			InitializePlatformSupportModulesInManaged (17ms)
			SetLoadedEditorAssemblies (6ms)
			BeforeProcessingInitializeOnLoad (62ms)
			ProcessInitializeOnLoadAttributes (742ms)
			ProcessInitializeOnLoadMethodAttributes (92ms)
			AfterProcessingInitializeOnLoad (5ms)
			EditorAssembliesLoaded (0ms)
		ExecutionOrderSort2 (0ms)
		AwakeInstancesAfterBackupRestoration (10ms)
Shader 'SyntyStudios/TriplanarBasic': fallback shader 'wiiu' not found
Shader 'SyntyStudios/CloudShader': fallback shader 'wiiu' not found
Shader 'SyntyStudios/SkyboxUnlitNoFog': fallback shader 'wiiu' not found
Shader 'SyntyStudios/SkyboxUnlit': fallback shader 'wiiu' not found
Shader 'SyntyStudios/Basic_LOD_Shader': fallback shader 'wiiu' not found
Shader 'SyntyStudios/CloudShaderNoFog': fallback shader 'wiiu' not found
Launched and connected shader compiler UnityShaderCompiler.exe after 0.01 seconds
Refreshing native plugins compatible for Editor in 1.24 ms, found 3 plugins.
Preloading 0 native plugins for Editor in 0.00 ms.
Unloading 263 Unused Serialized files (Serialized files now loaded: 0)
Unloading 6061 unused Assets / (6.1 MB). Loaded Objects now: 6908.
Memory consumption went from 294.4 MB to 288.3 MB.
Total: 10.398900 ms (FindLiveObjects: 0.775000 ms CreateObjectMapping: 0.674700 ms MarkObjects: 5.979000 ms  DeleteObjects: 2.968900 ms)

========================================================================
Received Import Request.
  Time since last request: 7996.464210 seconds.
  path: Assets/Packages/FattyPolyTurretFree/Prefabs/FattyCannonG02.prefab
  artifactKey: Guid(7191a0df8b6695d449a0f18a361bc311) Importer(815301076,1909f56bfc062723c751e8b465ee728b)
Start importing Assets/Packages/FattyPolyTurretFree/Prefabs/FattyCannonG02.prefab using Guid(7191a0df8b6695d449a0f18a361bc311) Importer(815301076,1909f56bfc062723c751e8b465ee728b) (PreviewImporter) -> (artifact id: '2f2f1bb7cece3f3da70d8477065b27df') in 1.4375062 seconds
Number of updated asset objects reloaded before import = 0Number of asset objects unloaded after import = 30

========================================================================
Received Prepare
Begin MonoManager ReloadAssembly
- Loaded All Assemblies, in  0.874 seconds
Refreshing native plugins compatible for Editor in 1.04 ms, found 3 plugins.
Native extension for LinuxStandalone target not found
Native extension for UWP target not found
Native extension for WindowsStandalone target not found
Native extension for OSXStandalone target not found
Mono: successfully reloaded assembly
- Finished resetting the current domain, in  1.335 seconds
Domain Reload Profiling: 2213ms
	BeginReloadAssembly (281ms)
		ExecutionOrderSort (0ms)
		DisableScriptedObjects (27ms)
		BackupInstance (0ms)
		ReleaseScriptingObjects (0ms)
		CreateAndSetChildDomain (65ms)
	RebuildCommonClasses (45ms)
	RebuildNativeTypeToScriptingClass (15ms)
	initialDomainReloadingComplete (33ms)
	LoadAllAssembliesAndSetupDomain (503ms)
		LoadAssemblies (411ms)
		RebuildTransferFunctionScriptingTraits (0ms)
		AnalyzeDomain (239ms)
			TypeCache.Refresh (8ms)
				TypeCache.ScanAssembly (0ms)
			BuildScriptInfoCaches (212ms)
			ResolveRequiredComponents (15ms)
	FinalizeReload (1335ms)
		ReleaseScriptCaches (0ms)
		RebuildScriptCaches (0ms)
		SetupLoadedEditorAssemblies (931ms)
			LogAssemblyErrors (0ms)
			InitializePlatformSupportModulesInManaged (20ms)
			SetLoadedEditorAssemblies (5ms)
			BeforeProcessingInitializeOnLoad (61ms)
			ProcessInitializeOnLoadAttributes (775ms)
			ProcessInitializeOnLoadMethodAttributes (66ms)
			AfterProcessingInitializeOnLoad (5ms)
			EditorAssembliesLoaded (0ms)
		ExecutionOrderSort2 (0ms)
		AwakeInstancesAfterBackupRestoration (17ms)
Shader 'SyntyStudios/TriplanarBasic': fallback shader 'wiiu' not found
Shader 'SyntyStudios/CloudShader': fallback shader 'wiiu' not found
Shader 'SyntyStudios/SkyboxUnlitNoFog': fallback shader 'wiiu' not found
Shader 'SyntyStudios/SkyboxUnlit': fallback shader 'wiiu' not found
Shader 'SyntyStudios/Basic_LOD_Shader': fallback shader 'wiiu' not found
Shader 'SyntyStudios/CloudShaderNoFog': fallback shader 'wiiu' not found
Refreshing native plugins compatible for Editor in 1.28 ms, found 3 plugins.
Preloading 0 native plugins for Editor in 0.00 ms.
Unloading 35 Unused Serialized files (Serialized files now loaded: 0)
Unloading 6060 unused Assets / (7.4 MB). Loaded Objects now: 6957.
Memory consumption went from 265.4 MB to 258.0 MB.
Total: 13.042500 ms (FindLiveObjects: 0.766100 ms CreateObjectMapping: 0.649200 ms MarkObjects: 6.676500 ms  DeleteObjects: 4.949100 ms)

Prepare: number of updated asset objects reloaded= 0
========================================================================
Received Import Request.
  Time since last request: 12.144131 seconds.
  path: Assets/Packages/FattyPolyTurretFree/Prefabs/Bullet00.prefab
  artifactKey: Guid(12ea0a574b594264685afffd52fff036) Importer(815301076,1909f56bfc062723c751e8b465ee728b)
Start importing Assets/Packages/FattyPolyTurretFree/Prefabs/Bullet00.prefab using Guid(12ea0a574b594264685afffd52fff036) Importer(815301076,1909f56bfc062723c751e8b465ee728b) (PreviewImporter) -> (artifact id: '3016552020d1b51e72257a4209621bb3') in 0.5451041 seconds
Number of updated asset objects reloaded before import = 0Number of asset objects unloaded after import = 12

========================================================================
Received Import Request.
  Time since last request: 0.000036 seconds.
  path: Assets/Packages/FattyPolyTurretFree/Prefabs/FattyMortarG02.prefab
  artifactKey: Guid(d4af3966dba2cd746ab019083640eb8c) Importer(815301076,1909f56bfc062723c751e8b465ee728b)
Start importing Assets/Packages/FattyPolyTurretFree/Prefabs/FattyMortarG02.prefab using Guid(d4af3966dba2cd746ab019083640eb8c) Importer(815301076,1909f56bfc062723c751e8b465ee728b) (PreviewImporter) -> (artifact id: 'ffd6e957607f0a92ae12494e5b2586e7') in 0.01451 seconds
Number of updated asset objects reloaded before import = 0Number of asset objects unloaded after import = 30

========================================================================
Received Import Request.
  Time since last request: 265.194069 seconds.
  path: Assets/UMA/Content/Ruby/Military militia/Male_PBR/Overlays/HumanMale_Mill_SeparatedUVs/Hat_cap_var01/Mill_hat_cap_var02.asset
  artifactKey: Guid(49737ed73be5a9c4e98ee60778c09333) Importer(815301076,1909f56bfc062723c751e8b465ee728b)
Start importing Assets/UMA/Content/Ruby/Military militia/Male_PBR/Overlays/HumanMale_Mill_SeparatedUVs/Hat_cap_var01/Mill_hat_cap_var02.asset using Guid(49737ed73be5a9c4e98ee60778c09333) Importer(815301076,1909f56bfc062723c751e8b465ee728b) (PreviewImporter) -> (artifact id: 'd95b9e6d544f86aa80345c1e5c2d8b41') in 0.0024395 seconds
Number of updated asset objects reloaded before import = 0Number of asset objects unloaded after import = 1

========================================================================
Received Import Request.
  Time since last request: 0.000034 seconds.
  path: Assets/UMA/Content/Ruby/Military militia/Male_PBR/Overlays/HumanMale_Mill_SeparatedUVs/Hat_cap_var01/Mill_hat_cap_var05.asset
  artifactKey: Guid(ba14653a32c129c419c75d3a2f6ef1af) Importer(815301076,1909f56bfc062723c751e8b465ee728b)
Start importing Assets/UMA/Content/Ruby/Military militia/Male_PBR/Overlays/HumanMale_Mill_SeparatedUVs/Hat_cap_var01/Mill_hat_cap_var05.asset using Guid(ba14653a32c129c419c75d3a2f6ef1af) Importer(815301076,1909f56bfc062723c751e8b465ee728b) (PreviewImporter) -> (artifact id: '3ce874ab8bf96ea86f7c90105d002372') in 0.001447 seconds
Number of updated asset objects reloaded before import = 0Number of asset objects unloaded after import = 1

========================================================================
Received Import Request.
  Time since last request: 0.000028 seconds.
  path: Assets/UMA/Content/Ruby/Military militia/Male_PBR/Overlays/HumanMale_Mill_SeparatedUVs/Hat_cap_var01/Mill_hat_cap_var04.asset
  artifactKey: Guid(d23ec6b7dc3c34440934cfc862458a1d) Importer(815301076,1909f56bfc062723c751e8b465ee728b)
Start importing Assets/UMA/Content/Ruby/Military militia/Male_PBR/Overlays/HumanMale_Mill_SeparatedUVs/Hat_cap_var01/Mill_hat_cap_var04.asset using Guid(d23ec6b7dc3c34440934cfc862458a1d) Importer(815301076,1909f56bfc062723c751e8b465ee728b) (PreviewImporter) -> (artifact id: '2bde0e183703488d978eff41d35d251c') in 0.0016526 seconds
Number of updated asset objects reloaded before import = 0Number of asset objects unloaded after import = 1

========================================================================
Received Import Request.
  Time since last request: 0.000048 seconds.
  path: Assets/UMA/Content/Ruby/Military militia/Male_PBR/Overlays/HumanMale_Mill_SeparatedUVs/Hat_cap_var01/Mill_hat_cap_var03.asset
  artifactKey: Guid(623d083dcd31d0844acb94d08bdc40aa) Importer(815301076,1909f56bfc062723c751e8b465ee728b)
Start importing Assets/UMA/Content/Ruby/Military militia/Male_PBR/Overlays/HumanMale_Mill_SeparatedUVs/Hat_cap_var01/Mill_hat_cap_var03.asset using Guid(623d083dcd31d0844acb94d08bdc40aa) Importer(815301076,1909f56bfc062723c751e8b465ee728b) (PreviewImporter) -> (artifact id: '1b5194667f9ff60c409f8b853c8e6a96') in 0.0014043 seconds
Number of updated asset objects reloaded before import = 0Number of asset objects unloaded after import = 1

========================================================================
Received Import Request.
  Time since last request: 0.000049 seconds.
  path: Assets/UMA/Content/Ruby/Military militia/Male_PBR/Overlays/HumanMale_Mill_SeparatedUVs/Hat_cap_var01/Mill_hat_cap_var08.asset
  artifactKey: Guid(4468142d7437c6242b2fbd83dbc735b6) Importer(815301076,1909f56bfc062723c751e8b465ee728b)
Start importing Assets/UMA/Content/Ruby/Military militia/Male_PBR/Overlays/HumanMale_Mill_SeparatedUVs/Hat_cap_var01/Mill_hat_cap_var08.asset using Guid(4468142d7437c6242b2fbd83dbc735b6) Importer(815301076,1909f56bfc062723c751e8b465ee728b) (PreviewImporter) -> (artifact id: '989ff30ced53302580c9fae56dfeab2f') in 0.0017439 seconds
Number of updated asset objects reloaded before import = 0Number of asset objects unloaded after import = 1

========================================================================
Received Import Request.
  Time since last request: 4.016180 seconds.
  path: Assets/UMA/Content/Ruby/Military militia/Male_PBR/Textures/separated/hat_cap/Hat_cap_metallic.tga
  artifactKey: Guid(ddb9b4493f5b9974382bbe432d79f686) Importer(815301076,1909f56bfc062723c751e8b465ee728b)
Start importing Assets/UMA/Content/Ruby/Military militia/Male_PBR/Textures/separated/hat_cap/Hat_cap_metallic.tga using Guid(ddb9b4493f5b9974382bbe432d79f686) Importer(815301076,1909f56bfc062723c751e8b465ee728b) (PreviewImporter) -> (artifact id: '02f81592d43c033b95d336bf3080551e') in 0.0458524 seconds
Number of updated asset objects reloaded before import = 0Number of asset objects unloaded after import = 2

========================================================================
Received Import Request.
  Time since last request: 2.623041 seconds.
  path: Assets/UMA/Content/Ruby/Military militia/Male_PBR/Textures/!_mats/UMA_Mat_Diffuse_Normal_Metallic_sep.mat
  artifactKey: Guid(27a28eca572da9d47a82fbe801b3ead7) Importer(815301076,1909f56bfc062723c751e8b465ee728b)
Start importing Assets/UMA/Content/Ruby/Military militia/Male_PBR/Textures/!_mats/UMA_Mat_Diffuse_Normal_Metallic_sep.mat using Guid(27a28eca572da9d47a82fbe801b3ead7) Importer(815301076,1909f56bfc062723c751e8b465ee728b) (PreviewImporter) -> (artifact id: 'de13e9451bc945a116471963358d50b8') in 0.0436989 seconds
Number of updated asset objects reloaded before import = 0Number of asset objects unloaded after import = 1

========================================================================
Received Import Request.
  Time since last request: 4.213426 seconds.
  path: Assets/UMA/Content/Ruby/Military militia/Male_PBR/Slots/HumanMale_Mill_SeparatedUVs/Mill_hat/Mill_hat_Slot.asset
  artifactKey: Guid(3b7c9848588729542826d65859016c8f) Importer(815301076,1909f56bfc062723c751e8b465ee728b)
Start importing Assets/UMA/Content/Ruby/Military militia/Male_PBR/Slots/HumanMale_Mill_SeparatedUVs/Mill_hat/Mill_hat_Slot.asset using Guid(3b7c9848588729542826d65859016c8f) Importer(815301076,1909f56bfc062723c751e8b465ee728b) (PreviewImporter) -> (artifact id: '56564e990aca259c2c096e5043cebab7') in 0.0078037 seconds
Number of updated asset objects reloaded before import = 0Number of asset objects unloaded after import = 1

========================================================================
Received Import Request.
  Time since last request: 20.275615 seconds.
  path: Assets/UMA/Content/Ruby/Military militia/Male_PBR/Slots/HumanMale_Mill_SeparatedUVs/Mll_Hat_cap_var01/Mll_Hat_cap_var01_Slot.asset
  artifactKey: Guid(ed12b005ed57f9d4f9fba64f49aeb16b) Importer(815301076,1909f56bfc062723c751e8b465ee728b)
Start importing Assets/UMA/Content/Ruby/Military militia/Male_PBR/Slots/HumanMale_Mill_SeparatedUVs/Mll_Hat_cap_var01/Mll_Hat_cap_var01_Slot.asset using Guid(ed12b005ed57f9d4f9fba64f49aeb16b) Importer(815301076,1909f56bfc062723c751e8b465ee728b) (PreviewImporter) -> (artifact id: '761f64d1471d288969f2925680156a7e') in 0.0100855 seconds
Number of updated asset objects reloaded before import = 0Number of asset objects unloaded after import = 1

========================================================================
Received Import Request.
  Time since last request: 27.968084 seconds.
  path: Assets/UMA/Content/Ruby/Military militia/Male_PBR/Slots/HumanMale_Mill_SeparatedUVs/Mill_Hat_cap/Mill_Hat_cap_Slot.asset
  artifactKey: Guid(968c588e3c9f2f247b730416df642e7d) Importer(815301076,1909f56bfc062723c751e8b465ee728b)
Start importing Assets/UMA/Content/Ruby/Military militia/Male_PBR/Slots/HumanMale_Mill_SeparatedUVs/Mill_Hat_cap/Mill_Hat_cap_Slot.asset using Guid(968c588e3c9f2f247b730416df642e7d) Importer(815301076,1909f56bfc062723c751e8b465ee728b) (PreviewImporter) -> (artifact id: '8d203fe70deaacd45a487efade434e8e') in 0.0083316 seconds
Number of updated asset objects reloaded before import = 0Number of asset objects unloaded after import = 1

========================================================================
Received Import Request.
  Time since last request: 1.744933 seconds.
  path: Assets/UMA/Content/Ruby/Military militia/Male_PBR/Textures/separated/hat/hat_ao.tga
  artifactKey: Guid(26d70f5367ab1bd468c551c1848833ad) Importer(815301076,1909f56bfc062723c751e8b465ee728b)
Start importing Assets/UMA/Content/Ruby/Military militia/Male_PBR/Textures/separated/hat/hat_ao.tga using Guid(26d70f5367ab1bd468c551c1848833ad) Importer(815301076,1909f56bfc062723c751e8b465ee728b) (PreviewImporter) -> (artifact id: '613ccc9bf4af7793e4c891f1d241c25e') in 0.0255874 seconds
Number of updated asset objects reloaded before import = 0Number of asset objects unloaded after import = 2

========================================================================
Received Import Request.
  Time since last request: 0.652445 seconds.
  path: Assets/UMA/Content/Ruby/Military militia/Male_PBR/Textures/separated/hat_cap_var01/hat_Cap_var_01_N.tga
  artifactKey: Guid(a4fa1b7c4bea82c4595e19164e8bbf03) Importer(815301076,1909f56bfc062723c751e8b465ee728b)
Start importing Assets/UMA/Content/Ruby/Military militia/Male_PBR/Textures/separated/hat_cap_var01/hat_Cap_var_01_N.tga using Guid(a4fa1b7c4bea82c4595e19164e8bbf03) Importer(815301076,1909f56bfc062723c751e8b465ee728b) (PreviewImporter) -> (artifact id: '9d36b851ca383a29471d632225ddc5da') in 0.0255218 seconds
Number of updated asset objects reloaded before import = 0Number of asset objects unloaded after import = 2

========================================================================
Received Import Request.
  Time since last request: 35.388360 seconds.
  path: Assets/UMA/Content/Ruby/Military militia/Male_PBR/Overlays/HumanMale_Mill_SeparatedUVs/Hat/Mill_hat03.asset
  artifactKey: Guid(0774af8f7d161024d82c5a078552b94e) Importer(815301076,1909f56bfc062723c751e8b465ee728b)
Start importing Assets/UMA/Content/Ruby/Military militia/Male_PBR/Overlays/HumanMale_Mill_SeparatedUVs/Hat/Mill_hat03.asset using Guid(0774af8f7d161024d82c5a078552b94e) Importer(815301076,1909f56bfc062723c751e8b465ee728b) (PreviewImporter) -> (artifact id: '53488f92b0322a04bc24b6800c3c0733') in 0.0018864 seconds
Number of updated asset objects reloaded before import = 0Number of asset objects unloaded after import = 1

========================================================================
Received Import Request.
  Time since last request: 0.000047 seconds.
  path: Assets/UMA/Content/Ruby/Military militia/Male_PBR/Overlays/HumanMale_Mill_SeparatedUVs/Hat/Mill_hat06.asset
  artifactKey: Guid(b123019a481bb8e45b0c3238e7199e7a) Importer(815301076,1909f56bfc062723c751e8b465ee728b)
Start importing Assets/UMA/Content/Ruby/Military militia/Male_PBR/Overlays/HumanMale_Mill_SeparatedUVs/Hat/Mill_hat06.asset using Guid(b123019a481bb8e45b0c3238e7199e7a) Importer(815301076,1909f56bfc062723c751e8b465ee728b) (PreviewImporter) -> (artifact id: '042fa7741efd266602e4c375aa4f6b57') in 0.0011972 seconds
Number of updated asset objects reloaded before import = 0Number of asset objects unloaded after import = 1

========================================================================
Received Import Request.
  Time since last request: 0.733284 seconds.
  path: Assets/UMA/Content/Ruby/Military militia/Male_PBR/Overlays/HumanMale_Mill_SeparatedUVs/Hat_cap/Mill_hat_cap03.asset
  artifactKey: Guid(860e0d32d47656a4b988b5de664cbc7d) Importer(815301076,1909f56bfc062723c751e8b465ee728b)
Start importing Assets/UMA/Content/Ruby/Military militia/Male_PBR/Overlays/HumanMale_Mill_SeparatedUVs/Hat_cap/Mill_hat_cap03.asset using Guid(860e0d32d47656a4b988b5de664cbc7d) Importer(815301076,1909f56bfc062723c751e8b465ee728b) (PreviewImporter) -> (artifact id: '8274272ae4ac0d706b3b607fef1df541') in 0.0015265 seconds
Number of updated asset objects reloaded before import = 0Number of asset objects unloaded after import = 1

========================================================================
Received Import Request.
  Time since last request: 0.000029 seconds.
  path: Assets/UMA/Content/Ruby/Military militia/Male_PBR/Overlays/HumanMale_Mill_SeparatedUVs/Hat_cap/Mill_hat_cap05.asset
  artifactKey: Guid(d794a905a990e4d46949f70bf1b5a66f) Importer(815301076,1909f56bfc062723c751e8b465ee728b)
Start importing Assets/UMA/Content/Ruby/Military militia/Male_PBR/Overlays/HumanMale_Mill_SeparatedUVs/Hat_cap/Mill_hat_cap05.asset using Guid(d794a905a990e4d46949f70bf1b5a66f) Importer(815301076,1909f56bfc062723c751e8b465ee728b) (PreviewImporter) -> (artifact id: '34427325d6030bd4a0693a205ef64571') in 0.0013925 seconds
Number of updated asset objects reloaded before import = 0Number of asset objects unloaded after import = 1

========================================================================
Received Import Request.
  Time since last request: 0.000038 seconds.
  path: Assets/UMA/Content/Ruby/Military militia/Male_PBR/Overlays/HumanMale_Mill_SeparatedUVs/Hat_cap/Mill_hat_cap08.asset
  artifactKey: Guid(be9d0242bbd49a64dbf7e6d3f74569ac) Importer(815301076,1909f56bfc062723c751e8b465ee728b)
Start importing Assets/UMA/Content/Ruby/Military militia/Male_PBR/Overlays/HumanMale_Mill_SeparatedUVs/Hat_cap/Mill_hat_cap08.asset using Guid(be9d0242bbd49a64dbf7e6d3f74569ac) Importer(815301076,1909f56bfc062723c751e8b465ee728b) (PreviewImporter) -> (artifact id: '649d6b1d73e1cab3dd644c3c7402bf14') in 0.0011519 seconds
Number of updated asset objects reloaded before import = 0Number of asset objects unloaded after import = 1

Editor requested this worker to shutdown with reason: Scaling down because of idle timeout
AssetImportWorker is now disconnected from the server
Process exiting
Exiting without the bug reporter. Application will terminate with return code 0