Using pre-set license
Built from '6000.0/staging' branch; Version is '6000.0.23f1 (1c4764c07fb4) revision 1853284'; Using compiler version '193933523'; Build Type 'Release'
OS: 'Windows 11  (10.0.22631) 64bit Core' Language: 'en' Physical Memory: 16102 MB
BatchMode: 1, IsHumanControllingUs: 0, StartBugReporterOnCrash: 0, Is64bit: 1, IsPro: 1

COMMAND LINE ARGUMENTS:
D:\unity\installs\6000.0.23f1\Editor\Unity.exe
-adb2
-batchMode
-noUpm
-name
AssetImportWorker2
-projectPath
D:/projects/shootducks/Shooter
-logFile
Logs/AssetImportWorker2.log
-srvPort
54025
-job-worker-count
7
-background-job-worker-count
8
-asset-garbage-collectors
1
Successfully changed project path to: D:/projects/shootducks/Shooter
D:/projects/shootducks/Shooter
[UnityMemory] Configuration Parameters - Can be set up in boot.config
    "memorysetup-bucket-allocator-granularity=16"
    "memorysetup-bucket-allocator-bucket-count=8"
    "memorysetup-bucket-allocator-block-size=33554432"
    "memorysetup-bucket-allocator-block-count=8"
    "memorysetup-main-allocator-block-size=16777216"
    "memorysetup-thread-allocator-block-size=16777216"
    "memorysetup-gfx-main-allocator-block-size=16777216"
    "memorysetup-gfx-thread-allocator-block-size=16777216"
    "memorysetup-cache-allocator-block-size=4194304"
    "memorysetup-typetree-allocator-block-size=2097152"
    "memorysetup-profiler-bucket-allocator-granularity=16"
    "memorysetup-profiler-bucket-allocator-bucket-count=8"
    "memorysetup-profiler-bucket-allocator-block-size=33554432"
    "memorysetup-profiler-bucket-allocator-block-count=8"
    "memorysetup-profiler-allocator-block-size=16777216"
    "memorysetup-profiler-editor-allocator-block-size=1048576"
    "memorysetup-temp-allocator-size-main=16777216"
    "memorysetup-job-temp-allocator-block-size=2097152"
    "memorysetup-job-temp-allocator-block-size-background=1048576"
    "memorysetup-job-temp-allocator-reduction-small-platforms=262144"
    "memorysetup-allocator-temp-initial-block-size-main=262144"
    "memorysetup-allocator-temp-initial-block-size-worker=262144"
    "memorysetup-temp-allocator-size-background-worker=32768"
    "memorysetup-temp-allocator-size-job-worker=262144"
    "memorysetup-temp-allocator-size-preload-manager=33554432"
    "memorysetup-temp-allocator-size-nav-mesh-worker=65536"
    "memorysetup-temp-allocator-size-audio-worker=65536"
    "memorysetup-temp-allocator-size-cloud-worker=32768"
    "memorysetup-temp-allocator-size-gi-baking-worker=262144"
    "memorysetup-temp-allocator-size-gi-baking-worker=262144"
    "memorysetup-temp-allocator-size-gi-baking-worker=262144"
    "memorysetup-temp-allocator-size-gi-baking-worker=262144"
    "memorysetup-temp-allocator-size-gi-baking-worker=262144"
    "memorysetup-temp-allocator-size-gfx=262144"
Player connection [9268]  Target information:

Player connection [9268]  * "[IP] 192.168.1.151 [Port] 0 [Flags] 2 [Guid] 2212317170 [EditorId] 2212317170 [Version] 1048832 [Id] WindowsEditor(7,Lukespc) [Debug] 1 [PackageName] WindowsEditor [ProjectName] Editor" 

Player connection [9268] Host joined multi-casting on [225.0.0.222:54997]...
Player connection [9268] Host joined alternative multi-casting on [225.0.0.222:34997]...
JobSystem: Creating JobQueue using job-worker-count value 7
[Physics::Module] Initialized fallback backend.
[Physics::Module] Id: 0xdecafbad
Library Redirect Path: Library/
[Physics::Module] Selected backend.
[Physics::Module] Name: PhysX
[Physics::Module] Id: 0xf2b8ea05
[Physics::Module] SDK Version: 4.1.2
[Physics::Module] Integration Version: 1.0.0
[Physics::Module] Threading Mode: Multi-Threaded
Refreshing native plugins compatible for Editor in 3.13 ms, found 3 plugins.
Preloading 0 native plugins for Editor in 0.00 ms.
Initialize engine version: 6000.0.23f1 (1c4764c07fb4)
[Subsystems] Discovering subsystems at path D:/unity/installs/6000.0.23f1/Editor/Data/Resources/UnitySubsystems
[Subsystems] Discovering subsystems at path D:/projects/shootducks/Shooter/Assets
GfxDevice: creating device client; kGfxThreadingModeNonThreaded
Direct3D:
    Version:  Direct3D 11.0 [level 11.1]
    Renderer: NVIDIA GeForce RTX 3070 (ID=0x2488)
    Vendor:   NVIDIA
    VRAM:     8018 MB
    Driver:   32.0.15.6636
Shader 'SyntyStudios/SkyboxUnlit': fallback shader 'wiiu' not found
Shader 'SyntyStudios/TriplanarBasic': fallback shader 'wiiu' not found
Shader 'SyntyStudios/Basic_LOD_Shader': fallback shader 'wiiu' not found
Shader 'SyntyStudios/CloudShader': fallback shader 'wiiu' not found
Shader 'SyntyStudios/CloudShaderNoFog': fallback shader 'wiiu' not found
Shader 'SyntyStudios/SkyboxUnlitNoFog': fallback shader 'wiiu' not found
Initialize mono
Mono path[0] = 'D:/unity/installs/6000.0.23f1/Editor/Data/Managed'
Mono path[1] = 'D:/unity/installs/6000.0.23f1/Editor/Data/MonoBleedingEdge/lib/mono/unityjit-win32'
Mono config path = 'D:/unity/installs/6000.0.23f1/Editor/Data/MonoBleedingEdge/etc'
Using monoOptions --debugger-agent=transport=dt_socket,embedding=1,server=y,suspend=n,address=127.0.0.1:56316
Begin MonoManager ReloadAssembly
Registering precompiled unity dll's ...
Register platform support module: D:/unity/installs/6000.0.23f1/Editor/Data/PlaybackEngines/MacStandaloneSupport/UnityEditor.OSXStandalone.Extensions.dll
Register platform support module: D:/unity/installs/6000.0.23f1/Editor/Data/PlaybackEngines/WindowsStandaloneSupport/UnityEditor.WindowsStandalone.Extensions.dll
Register platform support module: D:/unity/installs/6000.0.23f1/Editor/Data/PlaybackEngines/MetroSupport/UnityEditor.UWP.Extensions.dll
Register platform support module: D:/unity/installs/6000.0.23f1/Editor/Data/PlaybackEngines/LinuxStandaloneSupport/UnityEditor.LinuxStandalone.Extensions.dll
Registered in 0.006832 seconds.
- Loaded All Assemblies, in  0.563 seconds
Native extension for LinuxStandalone target not found
Native extension for UWP target not found
Native extension for WindowsStandalone target not found
Native extension for OSXStandalone target not found
Mono: successfully reloaded assembly
- Finished resetting the current domain, in  0.517 seconds
Domain Reload Profiling: 1080ms
	BeginReloadAssembly (217ms)
		ExecutionOrderSort (0ms)
		DisableScriptedObjects (0ms)
		BackupInstance (0ms)
		ReleaseScriptingObjects (0ms)
		CreateAndSetChildDomain (1ms)
	RebuildCommonClasses (48ms)
	RebuildNativeTypeToScriptingClass (15ms)
	initialDomainReloadingComplete (60ms)
	LoadAllAssembliesAndSetupDomain (222ms)
		LoadAssemblies (218ms)
		RebuildTransferFunctionScriptingTraits (0ms)
		AnalyzeDomain (216ms)
			TypeCache.Refresh (214ms)
				TypeCache.ScanAssembly (197ms)
			BuildScriptInfoCaches (0ms)
			ResolveRequiredComponents (1ms)
	FinalizeReload (518ms)
		ReleaseScriptCaches (0ms)
		RebuildScriptCaches (0ms)
		SetupLoadedEditorAssemblies (476ms)
			LogAssemblyErrors (0ms)
			InitializePlatformSupportModulesInManaged (126ms)
			SetLoadedEditorAssemblies (5ms)
			BeforeProcessingInitializeOnLoad (9ms)
			ProcessInitializeOnLoadAttributes (239ms)
			ProcessInitializeOnLoadMethodAttributes (93ms)
			AfterProcessingInitializeOnLoad (4ms)
			EditorAssembliesLoaded (0ms)
		ExecutionOrderSort2 (0ms)
		AwakeInstancesAfterBackupRestoration (0ms)
========================================================================
Worker process is ready to serve import requests
Import Worker Mode flag is 0x00
Begin MonoManager ReloadAssembly
- Loaded All Assemblies, in  1.484 seconds
Refreshing native plugins compatible for Editor in 1.61 ms, found 3 plugins.
Native extension for LinuxStandalone target not found
Native extension for UWP target not found
Native extension for WindowsStandalone target not found
Native extension for OSXStandalone target not found
Mono: successfully reloaded assembly
- Finished resetting the current domain, in  1.273 seconds
Domain Reload Profiling: 2755ms
	BeginReloadAssembly (669ms)
		ExecutionOrderSort (0ms)
		DisableScriptedObjects (7ms)
		BackupInstance (0ms)
		ReleaseScriptingObjects (0ms)
		CreateAndSetChildDomain (40ms)
	RebuildCommonClasses (65ms)
	RebuildNativeTypeToScriptingClass (22ms)
	initialDomainReloadingComplete (64ms)
	LoadAllAssembliesAndSetupDomain (662ms)
		LoadAssemblies (561ms)
		RebuildTransferFunctionScriptingTraits (0ms)
		AnalyzeDomain (325ms)
			TypeCache.Refresh (231ms)
				TypeCache.ScanAssembly (210ms)
			BuildScriptInfoCaches (78ms)
			ResolveRequiredComponents (13ms)
	FinalizeReload (1274ms)
		ReleaseScriptCaches (0ms)
		RebuildScriptCaches (0ms)
		SetupLoadedEditorAssemblies (956ms)
			LogAssemblyErrors (0ms)
			InitializePlatformSupportModulesInManaged (22ms)
			SetLoadedEditorAssemblies (6ms)
			BeforeProcessingInitializeOnLoad (73ms)
			ProcessInitializeOnLoadAttributes (761ms)
			ProcessInitializeOnLoadMethodAttributes (89ms)
			AfterProcessingInitializeOnLoad (5ms)
			EditorAssembliesLoaded (0ms)
		ExecutionOrderSort2 (0ms)
		AwakeInstancesAfterBackupRestoration (8ms)
Shader 'SyntyStudios/TriplanarBasic': fallback shader 'wiiu' not found
Shader 'SyntyStudios/SkyboxUnlitNoFog': fallback shader 'wiiu' not found
Shader 'SyntyStudios/CloudShaderNoFog': fallback shader 'wiiu' not found
Shader 'SyntyStudios/Basic_LOD_Shader': fallback shader 'wiiu' not found
Shader 'SyntyStudios/SkyboxUnlit': fallback shader 'wiiu' not found
Shader 'SyntyStudios/CloudShader': fallback shader 'wiiu' not found
Launched and connected shader compiler UnityShaderCompiler.exe after 0.02 seconds
Refreshing native plugins compatible for Editor in 1.36 ms, found 3 plugins.
Preloading 0 native plugins for Editor in 0.00 ms.
Unloading 263 Unused Serialized files (Serialized files now loaded: 0)
Unloading 6061 unused Assets / (6.4 MB). Loaded Objects now: 6908.
Memory consumption went from 298.2 MB to 291.8 MB.
Total: 10.658900 ms (FindLiveObjects: 0.597700 ms CreateObjectMapping: 0.621700 ms MarkObjects: 6.374900 ms  DeleteObjects: 3.063100 ms)

========================================================================
Received Import Request.
  Time since last request: 6244.663651 seconds.
  path: Assets/UniversalRenderPipelineGlobalSettings.asset
  artifactKey: Guid(13366fbd18a0a4f40911600867f767d8) Importer(815301076,1909f56bfc062723c751e8b465ee728b)
Start importing Assets/UniversalRenderPipelineGlobalSettings.asset using Guid(13366fbd18a0a4f40911600867f767d8) Importer(815301076,1909f56bfc062723c751e8b465ee728b) (PreviewImporter) -> (artifact id: 'b117113a06e63cb64589a9cbd5dc151d') in 0.021795 seconds
Number of updated asset objects reloaded before import = 0Number of asset objects unloaded after import = 0

========================================================================
Received Import Request.
  Time since last request: 1.294961 seconds.
  path: Assets/Packages/PolygonNatureBiomes/PNB_Alpine_Mountain/Terrain/Terrain_Materials/pine 5.mat
  artifactKey: Guid(1749f53cdc3f1c946afbffb44d0333bd) Importer(815301076,1909f56bfc062723c751e8b465ee728b)
Start importing Assets/Packages/PolygonNatureBiomes/PNB_Alpine_Mountain/Terrain/Terrain_Materials/pine 5.mat using Guid(1749f53cdc3f1c946afbffb44d0333bd) Importer(815301076,1909f56bfc062723c751e8b465ee728b) (PreviewImporter) -> (artifact id: '3cc598b035d13b8f6795fcf1347348cb') in 0.6693954 seconds
Number of updated asset objects reloaded before import = 0Number of asset objects unloaded after import = 3

========================================================================
Received Import Request.
  Time since last request: 1.062459 seconds.
  path: Assets/Packages/PolygonWaterGuns/Materials/Polygon_WaterGuns_Mat_01.mat
  artifactKey: Guid(60221cbb128b10642a8d0f76e9aead13) Importer(815301076,1909f56bfc062723c751e8b465ee728b)
Start importing Assets/Packages/PolygonWaterGuns/Materials/Polygon_WaterGuns_Mat_01.mat using Guid(60221cbb128b10642a8d0f76e9aead13) Importer(815301076,1909f56bfc062723c751e8b465ee728b) (PreviewImporter) -> (artifact id: '8f922135d897339b214f5aad60837284') in 0.1979171 seconds
Number of updated asset objects reloaded before import = 0Number of asset objects unloaded after import = 2

========================================================================
Received Import Request.
  Time since last request: 0.000026 seconds.
  path: Assets/Packages/PolygonWaterGuns/Materials/Polygon_WaterGuns_Mat_04.mat
  artifactKey: Guid(d835f1cbabdd6f148ae869781c6dee8f) Importer(815301076,1909f56bfc062723c751e8b465ee728b)
Start importing Assets/Packages/PolygonWaterGuns/Materials/Polygon_WaterGuns_Mat_04.mat using Guid(d835f1cbabdd6f148ae869781c6dee8f) Importer(815301076,1909f56bfc062723c751e8b465ee728b) (PreviewImporter) -> (artifact id: 'c9fd46f7f27dc26967d08a747d1bcd80') in 0.0880812 seconds
Number of updated asset objects reloaded before import = 0Number of asset objects unloaded after import = 2

========================================================================
Received Import Request.
  Time since last request: 21.078159 seconds.
  path: Assets/Packages/SimpleLowPolyNature/Models/WoodBoat.fbx
  artifactKey: Guid(eab23c9c4322e3e48842315d6748b1f7) Importer(815301076,1909f56bfc062723c751e8b465ee728b)
Start importing Assets/Packages/SimpleLowPolyNature/Models/WoodBoat.fbx using Guid(eab23c9c4322e3e48842315d6748b1f7) Importer(815301076,1909f56bfc062723c751e8b465ee728b) (PreviewImporter) -> (artifact id: '2d16af1e6a56b54170aa8260632219cc') in 0.1446676 seconds
Number of updated asset objects reloaded before import = 0Number of asset objects unloaded after import = 7

========================================================================
Received Import Request.
  Time since last request: 13.414338 seconds.
  path: Assets/TextMesh Pro/Examples & Extras/Resources/Fonts & Materials/Unity SDF.asset
  artifactKey: Guid(c9adb1f542a93ae489bacfeae21e8394) Importer(815301076,1909f56bfc062723c751e8b465ee728b)
Start importing Assets/TextMesh Pro/Examples & Extras/Resources/Fonts & Materials/Unity SDF.asset using Guid(c9adb1f542a93ae489bacfeae21e8394) Importer(815301076,1909f56bfc062723c751e8b465ee728b) (PreviewImporter) -> (artifact id: '1f059551f16d46d6aac1376daf90d9fe') in 0.0418891 seconds
Number of updated asset objects reloaded before import = 0Number of asset objects unloaded after import = 5

========================================================================
Received Import Request.
  Time since last request: 0.000036 seconds.
  path: Assets/Packages/SimpleLowPolyNature/Materials/Wood1Mat.mat
  artifactKey: Guid(57f391477e46ecd44af6579114e37dfb) Importer(815301076,1909f56bfc062723c751e8b465ee728b)
Start importing Assets/Packages/SimpleLowPolyNature/Materials/Wood1Mat.mat using Guid(57f391477e46ecd44af6579114e37dfb) Importer(815301076,1909f56bfc062723c751e8b465ee728b) (PreviewImporter) -> (artifact id: '8f97e80ad10d1bceb484ac39b0f79439') in 0.0918102 seconds
Number of updated asset objects reloaded before import = 0Number of asset objects unloaded after import = 1

========================================================================
Received Import Request.
  Time since last request: 22.102097 seconds.
  path: Assets/Packages/PolygonWaterGuns/Models/SM_Wep_Watergun_02.fbx
  artifactKey: Guid(a946b3b26e4bbad409b683c9319a7a82) Importer(815301076,1909f56bfc062723c751e8b465ee728b)
Start importing Assets/Packages/PolygonWaterGuns/Models/SM_Wep_Watergun_02.fbx using Guid(a946b3b26e4bbad409b683c9319a7a82) Importer(815301076,1909f56bfc062723c751e8b465ee728b) (PreviewImporter) -> (artifact id: '4aa223a32d14d1484333f7a060591670') in 0.0489885 seconds
Number of updated asset objects reloaded before import = 0Number of asset objects unloaded after import = 24

========================================================================
Received Import Request.
  Time since last request: 1.260706 seconds.
  path: Assets/Packages/PolygonWaterGuns/Models/SM_Wep_Watergun_01.fbx
  artifactKey: Guid(4db2c47bc2ec4ea439e5039e31ff62c0) Importer(815301076,1909f56bfc062723c751e8b465ee728b)
Start importing Assets/Packages/PolygonWaterGuns/Models/SM_Wep_Watergun_01.fbx using Guid(4db2c47bc2ec4ea439e5039e31ff62c0) Importer(815301076,1909f56bfc062723c751e8b465ee728b) (PreviewImporter) -> (artifact id: 'a85f53e8fc2413550ad19d7494a58b8c') in 0.0567631 seconds
Number of updated asset objects reloaded before import = 0Number of asset objects unloaded after import = 24

========================================================================
Received Import Request.
  Time since last request: 0.467247 seconds.
  path: Assets/Packages/SimpleLowPolyNature/Models/TreeStump1.fbx
  artifactKey: Guid(71e7cb600453b0a4791c471c86dcb60a) Importer(815301076,1909f56bfc062723c751e8b465ee728b)
Start importing Assets/Packages/SimpleLowPolyNature/Models/TreeStump1.fbx using Guid(71e7cb600453b0a4791c471c86dcb60a) Importer(815301076,1909f56bfc062723c751e8b465ee728b) (PreviewImporter) -> (artifact id: '26e1569fa3a00685faf9df438abdd16e') in 0.0309612 seconds
Number of updated asset objects reloaded before import = 0Number of asset objects unloaded after import = 7

========================================================================
Received Import Request.
  Time since last request: 0.000025 seconds.
  path: Assets/Packages/SimpleLowPolyNature/Models/TreeDead2.fbx
  artifactKey: Guid(b54382c620f8b7242b02940a41e44c5d) Importer(815301076,1909f56bfc062723c751e8b465ee728b)
Start importing Assets/Packages/SimpleLowPolyNature/Models/TreeDead2.fbx using Guid(b54382c620f8b7242b02940a41e44c5d) Importer(815301076,1909f56bfc062723c751e8b465ee728b) (PreviewImporter) -> (artifact id: '255fd0e7def07855dc0524f09f5f7129') in 0.0183953 seconds
Number of updated asset objects reloaded before import = 0Number of asset objects unloaded after import = 7

========================================================================
Received Import Request.
  Time since last request: 0.409506 seconds.
  path: Assets/Packages/Polygonal Woodlands Nature Asset Package/Models/Tree5/tree_5.fbx
  artifactKey: Guid(731883b0620ee7c43b5e8de4386f89f9) Importer(815301076,1909f56bfc062723c751e8b465ee728b)
Start importing Assets/Packages/Polygonal Woodlands Nature Asset Package/Models/Tree5/tree_5.fbx using Guid(731883b0620ee7c43b5e8de4386f89f9) Importer(815301076,1909f56bfc062723c751e8b465ee728b) (PreviewImporter) -> (artifact id: 'b24d4c7b27de27eb6150a8216c3157b5') in 0.0191975 seconds
Number of updated asset objects reloaded before import = 0Number of asset objects unloaded after import = 7

========================================================================
Received Import Request.
  Time since last request: 0.000033 seconds.
  path: Assets/Packages/Polygonal Woodlands Nature Asset Package/Models/Tree4/tree_4.fbx
  artifactKey: Guid(a7d284524c654664e8734e7ffcafbc15) Importer(815301076,1909f56bfc062723c751e8b465ee728b)
Start importing Assets/Packages/Polygonal Woodlands Nature Asset Package/Models/Tree4/tree_4.fbx using Guid(a7d284524c654664e8734e7ffcafbc15) Importer(815301076,1909f56bfc062723c751e8b465ee728b) (PreviewImporter) -> (artifact id: 'f8b85ac462e31f8f797ef29e36057358') in 0.0166275 seconds
Number of updated asset objects reloaded before import = 0Number of asset objects unloaded after import = 7

========================================================================
Received Import Request.
  Time since last request: 0.409889 seconds.
  path: Assets/Packages/Polygonal Woodlands Nature Asset Package/Models/Tree1/tree_1.fbx
  artifactKey: Guid(88722d03323712b4aace3e12278eae8a) Importer(815301076,1909f56bfc062723c751e8b465ee728b)
Start importing Assets/Packages/Polygonal Woodlands Nature Asset Package/Models/Tree1/tree_1.fbx using Guid(88722d03323712b4aace3e12278eae8a) Importer(815301076,1909f56bfc062723c751e8b465ee728b) (PreviewImporter) -> (artifact id: '6b9cefb5157e053bf67b4ce91b13150c') in 0.0262458 seconds
Number of updated asset objects reloaded before import = 0Number of asset objects unloaded after import = 7

========================================================================
Received Import Request.
  Time since last request: 0.000024 seconds.
  path: Assets/Packages/SimpleLowPolyNature/Models/Tree2.fbx
  artifactKey: Guid(18e0a23f11756454e801ad6f484ca310) Importer(815301076,1909f56bfc062723c751e8b465ee728b)
Start importing Assets/Packages/SimpleLowPolyNature/Models/Tree2.fbx using Guid(18e0a23f11756454e801ad6f484ca310) Importer(815301076,1909f56bfc062723c751e8b465ee728b) (PreviewImporter) -> (artifact id: 'afcb68d6eaf9d915ca23741454ba6768') in 0.0183214 seconds
Number of updated asset objects reloaded before import = 0Number of asset objects unloaded after import = 7

========================================================================
Received Import Request.
  Time since last request: 0.292045 seconds.
  path: Assets/Packages/Low Poly Nature Pack Lite/Models/tree01.fbx
  artifactKey: Guid(6272a4797bf2df84286aa94db68a2bef) Importer(815301076,1909f56bfc062723c751e8b465ee728b)
Start importing Assets/Packages/Low Poly Nature Pack Lite/Models/tree01.fbx using Guid(6272a4797bf2df84286aa94db68a2bef) Importer(815301076,1909f56bfc062723c751e8b465ee728b) (PreviewImporter) -> (artifact id: '21df730f9aa17b5ff04a9ae2f7af661a') in 0.0427659 seconds
Number of updated asset objects reloaded before import = 0Number of asset objects unloaded after import = 7

========================================================================
Received Import Request.
  Time since last request: 0.023543 seconds.
  path: Assets/Packages/SimpleLowPolyNature/Models/Tent.fbx
  artifactKey: Guid(819ac2c6fef18c54f850315b810c8cc7) Importer(815301076,1909f56bfc062723c751e8b465ee728b)
Start importing Assets/Packages/SimpleLowPolyNature/Models/Tent.fbx using Guid(819ac2c6fef18c54f850315b810c8cc7) Importer(815301076,1909f56bfc062723c751e8b465ee728b) (PreviewImporter) -> (artifact id: '310a93fbf77cf3334908c4234fae8321') in 0.0163656 seconds
Number of updated asset objects reloaded before import = 0Number of asset objects unloaded after import = 7

========================================================================
Received Import Request.
  Time since last request: 0.462743 seconds.
  path: Assets/Packages/3D Low-Poly Tables/Mesh/Table 2.obj
  artifactKey: Guid(c552683e074a156439ccdfa45551d4c0) Importer(815301076,1909f56bfc062723c751e8b465ee728b)
Start importing Assets/Packages/3D Low-Poly Tables/Mesh/Table 2.obj using Guid(c552683e074a156439ccdfa45551d4c0) Importer(815301076,1909f56bfc062723c751e8b465ee728b) (PreviewImporter) -> (artifact id: '415db17b0d0ed8589268f03efa60c806') in 0.0287249 seconds
Number of updated asset objects reloaded before import = 0Number of asset objects unloaded after import = 10

========================================================================
Received Import Request.
  Time since last request: 0.066534 seconds.
  path: Assets/Packages/3D Low-Poly Tables/Mesh/Table 3.fbx
  artifactKey: Guid(cb63ad3e4df9efd478dc76a83e02a693) Importer(815301076,1909f56bfc062723c751e8b465ee728b)
Start importing Assets/Packages/3D Low-Poly Tables/Mesh/Table 3.fbx using Guid(cb63ad3e4df9efd478dc76a83e02a693) Importer(815301076,1909f56bfc062723c751e8b465ee728b) (PreviewImporter) -> (artifact id: 'f2438869f829a86252e5e363d6e32deb') in 0.2573374 seconds
Number of updated asset objects reloaded before import = 0Number of asset objects unloaded after import = 12

========================================================================
Received Import Request.
  Time since last request: 0.059221 seconds.
  path: Assets/Packages/3D Low-Poly Tables/Mesh/Table 1.fbx
  artifactKey: Guid(e312d20e08d445a499cd4756c0ae6be0) Importer(815301076,1909f56bfc062723c751e8b465ee728b)
Start importing Assets/Packages/3D Low-Poly Tables/Mesh/Table 1.fbx using Guid(e312d20e08d445a499cd4756c0ae6be0) Importer(815301076,1909f56bfc062723c751e8b465ee728b) (PreviewImporter) -> (artifact id: '5463c4b9c8464741edec11b019413441') in 0.5867979 seconds
Number of updated asset objects reloaded before import = 0Number of asset objects unloaded after import = 12

========================================================================
Received Import Request.
  Time since last request: 0.240371 seconds.
  path: Assets/Packages/PolygonNatureBiomes/PNB_Alpine_Mountain/Models/SM_Prop_Wood_Pile_02.fbx
  artifactKey: Guid(73f16027e0b3e9f43bfb49e3cc862f6e) Importer(815301076,1909f56bfc062723c751e8b465ee728b)
Start importing Assets/Packages/PolygonNatureBiomes/PNB_Alpine_Mountain/Models/SM_Prop_Wood_Pile_02.fbx using Guid(73f16027e0b3e9f43bfb49e3cc862f6e) Importer(815301076,1909f56bfc062723c751e8b465ee728b) (PreviewImporter) -> (artifact id: 'e36009f362d51427b1a4308807e554cd') in 0.0211992 seconds
Number of updated asset objects reloaded before import = 0Number of asset objects unloaded after import = 7

========================================================================
Received Import Request.
  Time since last request: 0.053828 seconds.
  path: Assets/Packages/PolygonNatureBiomes/PNB_Alpine_Mountain/Models/SM_Prop_Wood_Pile_01.fbx
  artifactKey: Guid(294178731a952674d850f14741f3c8e7) Importer(815301076,1909f56bfc062723c751e8b465ee728b)
Start importing Assets/Packages/PolygonNatureBiomes/PNB_Alpine_Mountain/Models/SM_Prop_Wood_Pile_01.fbx using Guid(294178731a952674d850f14741f3c8e7) Importer(815301076,1909f56bfc062723c751e8b465ee728b) (PreviewImporter) -> (artifact id: '8aeb8eac1738edfefebd86e6ecf0a1fd') in 0.0289342 seconds
Number of updated asset objects reloaded before import = 0Number of asset objects unloaded after import = 7

========================================================================
Received Import Request.
  Time since last request: 1.049176 seconds.
  path: Assets/Packages/PolygonNatureBiomes/PNB_Alpine_Mountain/Models/SM_Prop_Thermos_01.fbx
  artifactKey: Guid(3cd612b97e88a5e44a43022cdf5b9ad7) Importer(815301076,1909f56bfc062723c751e8b465ee728b)
Start importing Assets/Packages/PolygonNatureBiomes/PNB_Alpine_Mountain/Models/SM_Prop_Thermos_01.fbx using Guid(3cd612b97e88a5e44a43022cdf5b9ad7) Importer(815301076,1909f56bfc062723c751e8b465ee728b) (PreviewImporter) -> (artifact id: '1ce477677661c0be614475678ad28ffb') in 0.0175371 seconds
Number of updated asset objects reloaded before import = 0Number of asset objects unloaded after import = 7

========================================================================
Received Import Request.
  Time since last request: 0.056493 seconds.
  path: Assets/Packages/PolygonNatureBiomes/PNB_Alpine_Mountain/Models/Convex/SM_Prop_Tent_01_Convex.asset
  artifactKey: Guid(39ad6900dccedac48a539dff33231c52) Importer(815301076,1909f56bfc062723c751e8b465ee728b)
Start importing Assets/Packages/PolygonNatureBiomes/PNB_Alpine_Mountain/Models/Convex/SM_Prop_Tent_01_Convex.asset using Guid(39ad6900dccedac48a539dff33231c52) Importer(815301076,1909f56bfc062723c751e8b465ee728b) (PreviewImporter) -> (artifact id: 'b2f90e8ac638cd9fdbbb495a46a2be19') in 0.0123825 seconds
Number of updated asset objects reloaded before import = 0Number of asset objects unloaded after import = 2

========================================================================
Received Import Request.
  Time since last request: 0.521732 seconds.
  path: Assets/Packages/PolygonNatureBiomes/PNB_Alpine_Mountain/Models/Convex/SM_Prop_Sleeping_Bag_02_Convex.asset
  artifactKey: Guid(a72228bc40b82564fbf80c63b91098ca) Importer(815301076,1909f56bfc062723c751e8b465ee728b)
Start importing Assets/Packages/PolygonNatureBiomes/PNB_Alpine_Mountain/Models/Convex/SM_Prop_Sleeping_Bag_02_Convex.asset using Guid(a72228bc40b82564fbf80c63b91098ca) Importer(815301076,1909f56bfc062723c751e8b465ee728b) (PreviewImporter) -> (artifact id: 'b3f4edee1468720d3a43aa52f3f74cd3') in 0.0119854 seconds
Number of updated asset objects reloaded before import = 0Number of asset objects unloaded after import = 2

========================================================================
Received Import Request.
  Time since last request: 0.000024 seconds.
  path: Assets/Packages/PolygonNatureBiomes/PNB_Alpine_Mountain/Models/SM_Prop_Sleeping_Bag_02.fbx
  artifactKey: Guid(301ba64819243654daa579bb487dc215) Importer(815301076,1909f56bfc062723c751e8b465ee728b)
Start importing Assets/Packages/PolygonNatureBiomes/PNB_Alpine_Mountain/Models/SM_Prop_Sleeping_Bag_02.fbx using Guid(301ba64819243654daa579bb487dc215) Importer(815301076,1909f56bfc062723c751e8b465ee728b) (PreviewImporter) -> (artifact id: '287db657dd0cd394a71852ca7e694d6c') in 0.0203547 seconds
Number of updated asset objects reloaded before import = 0Number of asset objects unloaded after import = 7

========================================================================
Received Import Request.
  Time since last request: 0.379005 seconds.
  path: Assets/Packages/PolygonNatureBiomes/PNB_Alpine_Mountain/Models/Convex/SM_Prop_Oar_01_Convex.asset
  artifactKey: Guid(3b3f6494ed9854f45bc59d40fd4c6edd) Importer(815301076,1909f56bfc062723c751e8b465ee728b)
Start importing Assets/Packages/PolygonNatureBiomes/PNB_Alpine_Mountain/Models/Convex/SM_Prop_Oar_01_Convex.asset using Guid(3b3f6494ed9854f45bc59d40fd4c6edd) Importer(815301076,1909f56bfc062723c751e8b465ee728b) (PreviewImporter) -> (artifact id: 'e656eef68df85d14d0aad71e9827c911') in 0.0113998 seconds
Number of updated asset objects reloaded before import = 0Number of asset objects unloaded after import = 2

========================================================================
Received Import Request.
  Time since last request: 0.000024 seconds.
  path: Assets/Packages/PolygonNatureBiomes/PNB_Alpine_Mountain/Models/SM_Prop_Sleeping_Bag_01.fbx
  artifactKey: Guid(e9e5401c6e4e80045b139aea78264713) Importer(815301076,1909f56bfc062723c751e8b465ee728b)
Start importing Assets/Packages/PolygonNatureBiomes/PNB_Alpine_Mountain/Models/SM_Prop_Sleeping_Bag_01.fbx using Guid(e9e5401c6e4e80045b139aea78264713) Importer(815301076,1909f56bfc062723c751e8b465ee728b) (PreviewImporter) -> (artifact id: 'c558cd1894edfeb936c79409de3b935f') in 0.0171965 seconds
Number of updated asset objects reloaded before import = 0Number of asset objects unloaded after import = 7

========================================================================
Received Import Request.
  Time since last request: 0.009945 seconds.
  path: Assets/Packages/PolygonNatureBiomes/PNB_Alpine_Mountain/Models/Collision/SM_Prop_Lookout_02_Collision.fbx
  artifactKey: Guid(ab8dee66830fd4c458501cc2f878d9a3) Importer(815301076,1909f56bfc062723c751e8b465ee728b)
Start importing Assets/Packages/PolygonNatureBiomes/PNB_Alpine_Mountain/Models/Collision/SM_Prop_Lookout_02_Collision.fbx using Guid(ab8dee66830fd4c458501cc2f878d9a3) Importer(815301076,1909f56bfc062723c751e8b465ee728b) (PreviewImporter) -> (artifact id: '43800902e23a01594dccea1d8611d08e') in 0.0211345 seconds
Number of updated asset objects reloaded before import = 0Number of asset objects unloaded after import = 8

========================================================================
Received Import Request.
  Time since last request: 0.010841 seconds.
  path: Assets/Packages/PolygonNatureBiomes/PNB_Alpine_Mountain/Models/SM_Prop_Oar_01.fbx
  artifactKey: Guid(a89d08cda9a6eba4bb161e6b8a70ce54) Importer(815301076,1909f56bfc062723c751e8b465ee728b)
Start importing Assets/Packages/PolygonNatureBiomes/PNB_Alpine_Mountain/Models/SM_Prop_Oar_01.fbx using Guid(a89d08cda9a6eba4bb161e6b8a70ce54) Importer(815301076,1909f56bfc062723c751e8b465ee728b) (PreviewImporter) -> (artifact id: 'c0495242753928f295bc8e509ec8a598') in 0.0159633 seconds
Number of updated asset objects reloaded before import = 0Number of asset objects unloaded after import = 7

========================================================================
Received Import Request.
  Time since last request: 0.206349 seconds.
  path: Assets/Packages/PolygonNatureBiomes/PNB_Alpine_Mountain/Models/Collision/SM_Prop_Jetty_01_Collision.fbx
  artifactKey: Guid(01042295c44784843a5ba2cd9de731e3) Importer(815301076,1909f56bfc062723c751e8b465ee728b)
Start importing Assets/Packages/PolygonNatureBiomes/PNB_Alpine_Mountain/Models/Collision/SM_Prop_Jetty_01_Collision.fbx using Guid(01042295c44784843a5ba2cd9de731e3) Importer(815301076,1909f56bfc062723c751e8b465ee728b) (PreviewImporter) -> (artifact id: '5a99a7fe76dad1c95f4b31fd1f1c16f3') in 0.0228622 seconds
Number of updated asset objects reloaded before import = 0Number of asset objects unloaded after import = 8

========================================================================
Received Import Request.
  Time since last request: 0.000633 seconds.
  path: Assets/Packages/PolygonNatureBiomes/PNB_Alpine_Mountain/Models/SM_Prop_Jetty_01.fbx
  artifactKey: Guid(2cc39bbce84fcb945a15dbc3a3299ada) Importer(815301076,1909f56bfc062723c751e8b465ee728b)
Start importing Assets/Packages/PolygonNatureBiomes/PNB_Alpine_Mountain/Models/SM_Prop_Jetty_01.fbx using Guid(2cc39bbce84fcb945a15dbc3a3299ada) Importer(815301076,1909f56bfc062723c751e8b465ee728b) (PreviewImporter) -> (artifact id: '84048723e71f51c347a4896dfbe3f32f') in 0.02203 seconds
Number of updated asset objects reloaded before import = 0Number of asset objects unloaded after import = 7

========================================================================
Received Import Request.
  Time since last request: 0.311961 seconds.
  path: Assets/Packages/PolygonNatureBiomes/PNB_Alpine_Mountain/Models/Collision/SM_Prop_Ice_Fishing_Hut_01_Door_01_Collision.fbx
  artifactKey: Guid(294bcee20c9b61f43a40693bea9f3072) Importer(815301076,1909f56bfc062723c751e8b465ee728b)
Start importing Assets/Packages/PolygonNatureBiomes/PNB_Alpine_Mountain/Models/Collision/SM_Prop_Ice_Fishing_Hut_01_Door_01_Collision.fbx using Guid(294bcee20c9b61f43a40693bea9f3072) Importer(815301076,1909f56bfc062723c751e8b465ee728b) (PreviewImporter) -> (artifact id: '70743f642f0f7163eeafa4714a42e234') in 0.0313896 seconds
Number of updated asset objects reloaded before import = 0Number of asset objects unloaded after import = 8

========================================================================
Received Import Request.
  Time since last request: 0.347278 seconds.
  path: Assets/Packages/PolygonNatureBiomes/PNB_Alpine_Mountain/Models/Convex/SM_Prop_Ice_Axe_01_Convex.asset
  artifactKey: Guid(7723723124859484f8b7bf3c0ff3e996) Importer(815301076,1909f56bfc062723c751e8b465ee728b)
Start importing Assets/Packages/PolygonNatureBiomes/PNB_Alpine_Mountain/Models/Convex/SM_Prop_Ice_Axe_01_Convex.asset using Guid(7723723124859484f8b7bf3c0ff3e996) Importer(815301076,1909f56bfc062723c751e8b465ee728b) (PreviewImporter) -> (artifact id: '49e8c9e8170b2dad555764d44abb92e6') in 0.0112742 seconds
Number of updated asset objects reloaded before import = 0Number of asset objects unloaded after import = 2

========================================================================
Received Import Request.
  Time since last request: 0.006178 seconds.
  path: Assets/Packages/PolygonNatureBiomes/PNB_Alpine_Mountain/Models/Convex/SM_Prop_Ice_Auger_01_Convex.asset
  artifactKey: Guid(cd1b8174112f04a4aab8c1ee6456754c) Importer(815301076,1909f56bfc062723c751e8b465ee728b)
Start importing Assets/Packages/PolygonNatureBiomes/PNB_Alpine_Mountain/Models/Convex/SM_Prop_Ice_Auger_01_Convex.asset using Guid(cd1b8174112f04a4aab8c1ee6456754c) Importer(815301076,1909f56bfc062723c751e8b465ee728b) (PreviewImporter) -> (artifact id: 'b609aaa22df3f466ed2b0011ff0d75fe') in 0.0129586 seconds
Number of updated asset objects reloaded before import = 0Number of asset objects unloaded after import = 2

========================================================================
Received Import Request.
  Time since last request: 0.021950 seconds.
  path: Assets/Packages/PolygonNatureBiomes/PNB_Alpine_Mountain/Models/SM_Prop_Fossil_01.fbx
  artifactKey: Guid(228a0984a18f2ed4e817803db967f1c6) Importer(815301076,1909f56bfc062723c751e8b465ee728b)
Start importing Assets/Packages/PolygonNatureBiomes/PNB_Alpine_Mountain/Models/SM_Prop_Fossil_01.fbx using Guid(228a0984a18f2ed4e817803db967f1c6) Importer(815301076,1909f56bfc062723c751e8b465ee728b) (PreviewImporter) -> (artifact id: '8d368a6d6d85bc2619ac4681b702eb0e') in 0.0479739 seconds
Number of updated asset objects reloaded before import = 0Number of asset objects unloaded after import = 7

========================================================================
Received Import Request.
  Time since last request: 0.276187 seconds.
  path: Assets/Packages/PolygonNatureBiomes/PNB_Alpine_Mountain/Models/SM_Prop_Fishing_Rod_Stand_01.fbx
  artifactKey: Guid(dcf2c0595c60fd241b5f106bedb988a7) Importer(815301076,1909f56bfc062723c751e8b465ee728b)
Start importing Assets/Packages/PolygonNatureBiomes/PNB_Alpine_Mountain/Models/SM_Prop_Fishing_Rod_Stand_01.fbx using Guid(dcf2c0595c60fd241b5f106bedb988a7) Importer(815301076,1909f56bfc062723c751e8b465ee728b) (PreviewImporter) -> (artifact id: '582caa15d385014b063b6e7670300208') in 0.0367159 seconds
Number of updated asset objects reloaded before import = 0Number of asset objects unloaded after import = 7

========================================================================
Received Import Request.
  Time since last request: 0.331342 seconds.
  path: Assets/Packages/PolygonNatureBiomes/PNB_Alpine_Mountain/Models/SM_Prop_Fish_Rack_01.fbx
  artifactKey: Guid(44714ffa9a629074895772390938a52e) Importer(815301076,1909f56bfc062723c751e8b465ee728b)
Start importing Assets/Packages/PolygonNatureBiomes/PNB_Alpine_Mountain/Models/SM_Prop_Fish_Rack_01.fbx using Guid(44714ffa9a629074895772390938a52e) Importer(815301076,1909f56bfc062723c751e8b465ee728b) (PreviewImporter) -> (artifact id: '561d457c1988bd9c4dff3563daa4a3f3') in 0.084679 seconds
Number of updated asset objects reloaded before import = 0Number of asset objects unloaded after import = 58

========================================================================
Received Import Request.
  Time since last request: 0.808131 seconds.
  path: Assets/Packages/PolygonNatureBiomes/PNB_Alpine_Mountain/Models/Collision/SM_Prop_Chair_Log_01_Collision.fbx
  artifactKey: Guid(a8b1d3a7f425af641b972e3f7f8dbdd8) Importer(815301076,1909f56bfc062723c751e8b465ee728b)
Start importing Assets/Packages/PolygonNatureBiomes/PNB_Alpine_Mountain/Models/Collision/SM_Prop_Chair_Log_01_Collision.fbx using Guid(a8b1d3a7f425af641b972e3f7f8dbdd8) Importer(815301076,1909f56bfc062723c751e8b465ee728b) (PreviewImporter) -> (artifact id: '7ee314652aafb704c31b7f4b388db188') in 0.027916 seconds
Number of updated asset objects reloaded before import = 0Number of asset objects unloaded after import = 8

========================================================================
Received Import Request.
  Time since last request: 0.000114 seconds.
  path: Assets/Packages/PolygonNatureBiomes/PNB_Alpine_Mountain/Models/Convex/SM_Prop_Chair_Folding_01_Convex.asset
  artifactKey: Guid(f2b10562efb3f484cacb073e61e580f2) Importer(815301076,1909f56bfc062723c751e8b465ee728b)
Start importing Assets/Packages/PolygonNatureBiomes/PNB_Alpine_Mountain/Models/Convex/SM_Prop_Chair_Folding_01_Convex.asset using Guid(f2b10562efb3f484cacb073e61e580f2) Importer(815301076,1909f56bfc062723c751e8b465ee728b) (PreviewImporter) -> (artifact id: 'b3be8955a024d5018d208d4d14f9b003') in 0.0110731 seconds
Number of updated asset objects reloaded before import = 0Number of asset objects unloaded after import = 2

========================================================================
Received Import Request.
  Time since last request: 0.000021 seconds.
  path: Assets/Packages/PolygonNatureBiomes/PNB_Alpine_Mountain/Models/SM_Prop_Chair_Log_01.fbx
  artifactKey: Guid(ef2359ccb0e12b641acfe79a964d1cbe) Importer(815301076,1909f56bfc062723c751e8b465ee728b)
Start importing Assets/Packages/PolygonNatureBiomes/PNB_Alpine_Mountain/Models/SM_Prop_Chair_Log_01.fbx using Guid(ef2359ccb0e12b641acfe79a964d1cbe) Importer(815301076,1909f56bfc062723c751e8b465ee728b) (PreviewImporter) -> (artifact id: '72a29e42d141a4a5a05c312c0552f00b') in 0.0196409 seconds
Number of updated asset objects reloaded before import = 0Number of asset objects unloaded after import = 7

========================================================================
Received Import Request.
  Time since last request: 0.267756 seconds.
  path: Assets/Packages/PolygonNatureBiomes/PNB_Alpine_Mountain/Models/Collision/SM_Prop_Canoe_01_Collision.fbx
  artifactKey: Guid(db6c8cc81e46ac3419c0287e5085f5b8) Importer(815301076,1909f56bfc062723c751e8b465ee728b)
Start importing Assets/Packages/PolygonNatureBiomes/PNB_Alpine_Mountain/Models/Collision/SM_Prop_Canoe_01_Collision.fbx using Guid(db6c8cc81e46ac3419c0287e5085f5b8) Importer(815301076,1909f56bfc062723c751e8b465ee728b) (PreviewImporter) -> (artifact id: 'cf91ef78e5f83b8fbaf286c26f9e82cd') in 0.0292675 seconds
Number of updated asset objects reloaded before import = 0Number of asset objects unloaded after import = 8

========================================================================
Received Import Request.
  Time since last request: 0.000021 seconds.
  path: Assets/Packages/PolygonNatureBiomes/PNB_Alpine_Mountain/Models/Convex/SM_Prop_Campfire_01_Convex.asset
  artifactKey: Guid(49527a24fb55f264c85a7ee400e6cd35) Importer(815301076,1909f56bfc062723c751e8b465ee728b)
Start importing Assets/Packages/PolygonNatureBiomes/PNB_Alpine_Mountain/Models/Convex/SM_Prop_Campfire_01_Convex.asset using Guid(49527a24fb55f264c85a7ee400e6cd35) Importer(815301076,1909f56bfc062723c751e8b465ee728b) (PreviewImporter) -> (artifact id: '639b7630b9fd4ad35feb37e562ab3afb') in 0.012628 seconds
Number of updated asset objects reloaded before import = 0Number of asset objects unloaded after import = 2

========================================================================
Received Import Request.
  Time since last request: 0.033367 seconds.
  path: Assets/Packages/PolygonNatureBiomes/PNB_Alpine_Mountain/Models/SM_Prop_Cabin_01.fbx
  artifactKey: Guid(8f662bf0fc10ada40b85e01437c571c6) Importer(815301076,1909f56bfc062723c751e8b465ee728b)
Start importing Assets/Packages/PolygonNatureBiomes/PNB_Alpine_Mountain/Models/SM_Prop_Cabin_01.fbx using Guid(8f662bf0fc10ada40b85e01437c571c6) Importer(815301076,1909f56bfc062723c751e8b465ee728b) (PreviewImporter) -> (artifact id: '0699ef276e289982337ee762da5f03d2') in 0.0326147 seconds
Number of updated asset objects reloaded before import = 0Number of asset objects unloaded after import = 22

========================================================================
Received Import Request.
  Time since last request: 0.234485 seconds.
  path: Assets/Packages/PolygonNatureBiomes/PNB_Alpine_Mountain/Models/Collision/SM_Prop_Cabin_Door_01_Collision.fbx
  artifactKey: Guid(b651b2790af6f644da94f8751544e0c5) Importer(815301076,1909f56bfc062723c751e8b465ee728b)
Start importing Assets/Packages/PolygonNatureBiomes/PNB_Alpine_Mountain/Models/Collision/SM_Prop_Cabin_Door_01_Collision.fbx using Guid(b651b2790af6f644da94f8751544e0c5) Importer(815301076,1909f56bfc062723c751e8b465ee728b) (PreviewImporter) -> (artifact id: 'b65377422f42411538ff371b8d96c3e9') in 0.0222416 seconds
Number of updated asset objects reloaded before import = 0Number of asset objects unloaded after import = 8

========================================================================
Received Import Request.
  Time since last request: 0.008796 seconds.
  path: Assets/Packages/PolygonNatureBiomes/PNB_Alpine_Mountain/Models/Collision/SM_Prop_Cabin_01_Collision.fbx
  artifactKey: Guid(acfb85e874b3ac24985bd7e172dc0c34) Importer(815301076,1909f56bfc062723c751e8b465ee728b)
Start importing Assets/Packages/PolygonNatureBiomes/PNB_Alpine_Mountain/Models/Collision/SM_Prop_Cabin_01_Collision.fbx using Guid(acfb85e874b3ac24985bd7e172dc0c34) Importer(815301076,1909f56bfc062723c751e8b465ee728b) (PreviewImporter) -> (artifact id: 'a403f31d0729ffe5a8bcdbbfe25072b7') in 0.030761 seconds
Number of updated asset objects reloaded before import = 0Number of asset objects unloaded after import = 8

========================================================================
Received Import Request.
  Time since last request: 0.292315 seconds.
  path: Assets/Packages/PolygonNatureBiomes/PNB_Alpine_Mountain/Models/Convex/SM_Prop_Backpack_01_Convex.asset
  artifactKey: Guid(24dd61c16387f894897c460d4f2c91da) Importer(815301076,1909f56bfc062723c751e8b465ee728b)
Start importing Assets/Packages/PolygonNatureBiomes/PNB_Alpine_Mountain/Models/Convex/SM_Prop_Backpack_01_Convex.asset using Guid(24dd61c16387f894897c460d4f2c91da) Importer(815301076,1909f56bfc062723c751e8b465ee728b) (PreviewImporter) -> (artifact id: '50dbf1e8edb03eb6043bc1b3eada62ed') in 0.0110292 seconds
Number of updated asset objects reloaded before import = 0Number of asset objects unloaded after import = 2

========================================================================
Received Import Request.
  Time since last request: 0.374981 seconds.
  path: Assets/Packages/PolygonNatureBiomes/PNB_Alpine_Mountain/Models/SM_Env_Stalactite_08.fbx
  artifactKey: Guid(69670d4525440484f900b6b1a7d13fac) Importer(815301076,1909f56bfc062723c751e8b465ee728b)
Start importing Assets/Packages/PolygonNatureBiomes/PNB_Alpine_Mountain/Models/SM_Env_Stalactite_08.fbx using Guid(69670d4525440484f900b6b1a7d13fac) Importer(815301076,1909f56bfc062723c751e8b465ee728b) (PreviewImporter) -> (artifact id: '1caf913917ea69bffe94a9fbd62e0900') in 0.0192882 seconds
Number of updated asset objects reloaded before import = 0Number of asset objects unloaded after import = 7

========================================================================
Received Import Request.
  Time since last request: 0.006369 seconds.
  path: Assets/Packages/PolygonNatureBiomes/PNB_Alpine_Mountain/Models/SM_Env_Stalactite_07.fbx
  artifactKey: Guid(fab33f98ef88eba4685a7edb0a8d69da) Importer(815301076,1909f56bfc062723c751e8b465ee728b)
Start importing Assets/Packages/PolygonNatureBiomes/PNB_Alpine_Mountain/Models/SM_Env_Stalactite_07.fbx using Guid(fab33f98ef88eba4685a7edb0a8d69da) Importer(815301076,1909f56bfc062723c751e8b465ee728b) (PreviewImporter) -> (artifact id: 'dc2806c5cd50bd81cd3205cc1b137414') in 0.0176089 seconds
Number of updated asset objects reloaded before import = 0Number of asset objects unloaded after import = 7

========================================================================
Received Import Request.
  Time since last request: 0.006590 seconds.
  path: Assets/Packages/PolygonNatureBiomes/PNB_Alpine_Mountain/Models/SM_Env_Stalactite_06.fbx
  artifactKey: Guid(6cd700b6df74b1a468a93a9f3a139d07) Importer(815301076,1909f56bfc062723c751e8b465ee728b)
Start importing Assets/Packages/PolygonNatureBiomes/PNB_Alpine_Mountain/Models/SM_Env_Stalactite_06.fbx using Guid(6cd700b6df74b1a468a93a9f3a139d07) Importer(815301076,1909f56bfc062723c751e8b465ee728b) (PreviewImporter) -> (artifact id: 'fcd5aa37cc99a96a0fb9b28abde49e4e') in 0.0202466 seconds
Number of updated asset objects reloaded before import = 0Number of asset objects unloaded after import = 7

========================================================================
Received Import Request.
  Time since last request: 0.331394 seconds.
  path: Assets/Packages/PolygonNatureBiomes/PNB_Alpine_Mountain/Models/SM_Env_Stalactite_05.fbx
  artifactKey: Guid(5bb847e7f75cd1d458a4be64e8b41fd0) Importer(815301076,1909f56bfc062723c751e8b465ee728b)
Start importing Assets/Packages/PolygonNatureBiomes/PNB_Alpine_Mountain/Models/SM_Env_Stalactite_05.fbx using Guid(5bb847e7f75cd1d458a4be64e8b41fd0) Importer(815301076,1909f56bfc062723c751e8b465ee728b) (PreviewImporter) -> (artifact id: '566c205f9f9200ba1c0d16e09a18aa47') in 0.0188428 seconds
Number of updated asset objects reloaded before import = 0Number of asset objects unloaded after import = 7

========================================================================
Received Import Request.
  Time since last request: 0.000026 seconds.
  path: Assets/Packages/PolygonNatureBiomes/PNB_Alpine_Mountain/Models/Convex/SM_Env_Stalactite_04_Convex.asset
  artifactKey: Guid(53aacbc0ee00985429c781a7e702a8de) Importer(815301076,1909f56bfc062723c751e8b465ee728b)
Start importing Assets/Packages/PolygonNatureBiomes/PNB_Alpine_Mountain/Models/Convex/SM_Env_Stalactite_04_Convex.asset using Guid(53aacbc0ee00985429c781a7e702a8de) Importer(815301076,1909f56bfc062723c751e8b465ee728b) (PreviewImporter) -> (artifact id: 'dc280f732bfd98b6bcdd4191f170ab96') in 0.0127547 seconds
Number of updated asset objects reloaded before import = 0Number of asset objects unloaded after import = 2

========================================================================
Received Import Request.
  Time since last request: 0.281226 seconds.
  path: Assets/Packages/PolygonNatureBiomes/PNB_Alpine_Mountain/Models/SM_Env_Stalactite_03.fbx
  artifactKey: Guid(78f1a6c4360ffcf40b5861c04c41dc67) Importer(815301076,1909f56bfc062723c751e8b465ee728b)
Start importing Assets/Packages/PolygonNatureBiomes/PNB_Alpine_Mountain/Models/SM_Env_Stalactite_03.fbx using Guid(78f1a6c4360ffcf40b5861c04c41dc67) Importer(815301076,1909f56bfc062723c751e8b465ee728b) (PreviewImporter) -> (artifact id: '05a48585a81ef134f3d3668ca5475372') in 0.0176993 seconds
Number of updated asset objects reloaded before import = 0Number of asset objects unloaded after import = 7

========================================================================
Received Import Request.
  Time since last request: 0.014804 seconds.
  path: Assets/Packages/PolygonNatureBiomes/PNB_Alpine_Mountain/Models/SM_Env_Stalactite_01.fbx
  artifactKey: Guid(ea9ff2223d61c714081ee00ed403d847) Importer(815301076,1909f56bfc062723c751e8b465ee728b)
Start importing Assets/Packages/PolygonNatureBiomes/PNB_Alpine_Mountain/Models/SM_Env_Stalactite_01.fbx using Guid(ea9ff2223d61c714081ee00ed403d847) Importer(815301076,1909f56bfc062723c751e8b465ee728b) (PreviewImporter) -> (artifact id: '971ef1e34787a696c81211d06459f9ad') in 0.015988 seconds
Number of updated asset objects reloaded before import = 0Number of asset objects unloaded after import = 7

========================================================================
Received Import Request.
  Time since last request: 0.002280 seconds.
  path: Assets/Packages/PolygonNatureBiomes/PNB_Alpine_Mountain/Models/SM_Env_Snow_Mound_04.fbx
  artifactKey: Guid(b449aa0549dc389419588f971571f260) Importer(815301076,1909f56bfc062723c751e8b465ee728b)
Start importing Assets/Packages/PolygonNatureBiomes/PNB_Alpine_Mountain/Models/SM_Env_Snow_Mound_04.fbx using Guid(b449aa0549dc389419588f971571f260) Importer(815301076,1909f56bfc062723c751e8b465ee728b) (PreviewImporter) -> (artifact id: '2d4e8333c0abfc4ca72200e090b16103') in 0.0172194 seconds
Number of updated asset objects reloaded before import = 0Number of asset objects unloaded after import = 7

========================================================================
Received Import Request.
  Time since last request: 92.834981 seconds.
  path: Assets/Packages/SimpleLowPolyNature/Materials/CloudMat.mat
  artifactKey: Guid(51adf49c828af4b42b49cd399cd49b10) Importer(815301076,1909f56bfc062723c751e8b465ee728b)
Start importing Assets/Packages/SimpleLowPolyNature/Materials/CloudMat.mat using Guid(51adf49c828af4b42b49cd399cd49b10) Importer(815301076,1909f56bfc062723c751e8b465ee728b) (PreviewImporter) -> (artifact id: '5c7b8f6dd4b1899647f5c6c8eae768ab') in 0.015009 seconds
Number of updated asset objects reloaded before import = 0Number of asset objects unloaded after import = 1

========================================================================
Received Import Request.
  Time since last request: 0.000025 seconds.
  path: Assets/Packages/SimpleLowPolyNature/Materials/EmissionBlueMat.mat
  artifactKey: Guid(5a42f8033becfcc4db580e9dd08bd6b3) Importer(815301076,1909f56bfc062723c751e8b465ee728b)
Start importing Assets/Packages/SimpleLowPolyNature/Materials/EmissionBlueMat.mat using Guid(5a42f8033becfcc4db580e9dd08bd6b3) Importer(815301076,1909f56bfc062723c751e8b465ee728b) (PreviewImporter) -> (artifact id: 'd48b87af705b990510f969f283c92f36') in 0.2557799 seconds
Number of updated asset objects reloaded before import = 0Number of asset objects unloaded after import = 1

========================================================================
Received Import Request.
  Time since last request: 0.000028 seconds.
  path: Assets/Packages/SimpleLowPolyNature/Materials/FireParticleAddMat.mat
  artifactKey: Guid(4d013014c63f66349b847f12173289d2) Importer(815301076,1909f56bfc062723c751e8b465ee728b)
Start importing Assets/Packages/SimpleLowPolyNature/Materials/FireParticleAddMat.mat using Guid(4d013014c63f66349b847f12173289d2) Importer(815301076,1909f56bfc062723c751e8b465ee728b) (PreviewImporter) -> (artifact id: 'bca5c98a93c4d8864cb8de6898043108') in 0.1046959 seconds
Number of updated asset objects reloaded before import = 0Number of asset objects unloaded after import = 1

========================================================================
Received Import Request.
  Time since last request: 0.000034 seconds.
  path: Assets/Packages/SimpleLowPolyNature/Materials/Flower2Mat.mat
  artifactKey: Guid(1c5a335489a263f458754f8cde45f221) Importer(815301076,1909f56bfc062723c751e8b465ee728b)
Start importing Assets/Packages/SimpleLowPolyNature/Materials/Flower2Mat.mat using Guid(1c5a335489a263f458754f8cde45f221) Importer(815301076,1909f56bfc062723c751e8b465ee728b) (PreviewImporter) -> (artifact id: '1f0dbe740431cc96c582f8861f7002b5') in 0.0141413 seconds
Number of updated asset objects reloaded before import = 0Number of asset objects unloaded after import = 1

========================================================================
Received Import Request.
  Time since last request: 0.000026 seconds.
  path: Assets/Packages/SimpleLowPolyNature/Materials/RockMat.mat
  artifactKey: Guid(5bfbfdebccebf0c45832bef70d1337f7) Importer(815301076,1909f56bfc062723c751e8b465ee728b)
Start importing Assets/Packages/SimpleLowPolyNature/Materials/RockMat.mat using Guid(5bfbfdebccebf0c45832bef70d1337f7) Importer(815301076,1909f56bfc062723c751e8b465ee728b) (PreviewImporter) -> (artifact id: '9385bc1733216c26248d869c2c1cddd7') in 0.0420418 seconds
Number of updated asset objects reloaded before import = 0Number of asset objects unloaded after import = 1

========================================================================
Received Import Request.
  Time since last request: 0.000024 seconds.
  path: Assets/Packages/SimpleLowPolyNature/Materials/TreeRedMat.mat
  artifactKey: Guid(f154dff7fb489d2499686dc9f08c626a) Importer(815301076,1909f56bfc062723c751e8b465ee728b)
Start importing Assets/Packages/SimpleLowPolyNature/Materials/TreeRedMat.mat using Guid(f154dff7fb489d2499686dc9f08c626a) Importer(815301076,1909f56bfc062723c751e8b465ee728b) (PreviewImporter) -> (artifact id: '691e0fd1cbe4da8628df0f7c96e76dbe') in 0.0260122 seconds
Number of updated asset objects reloaded before import = 0Number of asset objects unloaded after import = 1

========================================================================
Received Import Request.
  Time since last request: 0.000027 seconds.
  path: Assets/Packages/SimpleLowPolyNature/Materials/Mushroom3Mat.mat
  artifactKey: Guid(23f92ab09af350146b1d22ca67ed7887) Importer(815301076,1909f56bfc062723c751e8b465ee728b)
Start importing Assets/Packages/SimpleLowPolyNature/Materials/Mushroom3Mat.mat using Guid(23f92ab09af350146b1d22ca67ed7887) Importer(815301076,1909f56bfc062723c751e8b465ee728b) (PreviewImporter) -> (artifact id: 'af5c70f97fc0722e9fad2bfb868ee9b3') in 0.0169781 seconds
Number of updated asset objects reloaded before import = 0Number of asset objects unloaded after import = 1

========================================================================
Received Import Request.
  Time since last request: 0.000037 seconds.
  path: Assets/Packages/SimpleLowPolyNature/Materials/TreeGreen2Mat.mat
  artifactKey: Guid(b6747bf277df0e344ac544c7cfa37c62) Importer(815301076,1909f56bfc062723c751e8b465ee728b)
Start importing Assets/Packages/SimpleLowPolyNature/Materials/TreeGreen2Mat.mat using Guid(b6747bf277df0e344ac544c7cfa37c62) Importer(815301076,1909f56bfc062723c751e8b465ee728b) (PreviewImporter) -> (artifact id: '7655103ca0e4b00cbcc6a99185ab0282') in 0.0280878 seconds
Number of updated asset objects reloaded before import = 0Number of asset objects unloaded after import = 1

========================================================================
Received Import Request.
  Time since last request: 0.000033 seconds.
  path: Assets/Packages/SimpleLowPolyNature/Materials/TreeGreen1Mat.mat
  artifactKey: Guid(cf7b2a2a4b5c2bb409c794db9d64ff3f) Importer(815301076,1909f56bfc062723c751e8b465ee728b)
Start importing Assets/Packages/SimpleLowPolyNature/Materials/TreeGreen1Mat.mat using Guid(cf7b2a2a4b5c2bb409c794db9d64ff3f) Importer(815301076,1909f56bfc062723c751e8b465ee728b) (PreviewImporter) -> (artifact id: 'a4d3c8ae9697a5c169e8dbf62d50d6d6') in 0.0264585 seconds
Number of updated asset objects reloaded before import = 0Number of asset objects unloaded after import = 1

========================================================================
Received Import Request.
  Time since last request: 0.000028 seconds.
  path: Assets/Packages/SimpleLowPolyNature/Materials/Flower1Mat.mat
  artifactKey: Guid(202c5159be2241d4682cfcbb8d30c7d2) Importer(815301076,1909f56bfc062723c751e8b465ee728b)
Start importing Assets/Packages/SimpleLowPolyNature/Materials/Flower1Mat.mat using Guid(202c5159be2241d4682cfcbb8d30c7d2) Importer(815301076,1909f56bfc062723c751e8b465ee728b) (PreviewImporter) -> (artifact id: 'bc64f444d9df041381bbdbd2d77a7cdd') in 0.0163625 seconds
Number of updated asset objects reloaded before import = 0Number of asset objects unloaded after import = 1

========================================================================
Received Import Request.
  Time since last request: 0.000024 seconds.
  path: Assets/Packages/SimpleLowPolyNature/Materials/TreeOrangeMat.mat
  artifactKey: Guid(33535d2d31f89e846b6ec7c60219cb96) Importer(815301076,1909f56bfc062723c751e8b465ee728b)
Start importing Assets/Packages/SimpleLowPolyNature/Materials/TreeOrangeMat.mat using Guid(33535d2d31f89e846b6ec7c60219cb96) Importer(815301076,1909f56bfc062723c751e8b465ee728b) (PreviewImporter) -> (artifact id: '999279a1755bacd58455be8716a7485f') in 0.0138729 seconds
Number of updated asset objects reloaded before import = 0Number of asset objects unloaded after import = 1

========================================================================
Received Import Request.
  Time since last request: 0.000044 seconds.
  path: Assets/Packages/SimpleLowPolyNature/Materials/FireParticleMat.mat
  artifactKey: Guid(0e82a89a9331d7c4bb16ef322caffd53) Importer(815301076,1909f56bfc062723c751e8b465ee728b)
Start importing Assets/Packages/SimpleLowPolyNature/Materials/FireParticleMat.mat using Guid(0e82a89a9331d7c4bb16ef322caffd53) Importer(815301076,1909f56bfc062723c751e8b465ee728b) (PreviewImporter) -> (artifact id: 'aa4d7a9508f11ab25a40b4603fa2ca96') in 0.0402893 seconds
Number of updated asset objects reloaded before import = 0Number of asset objects unloaded after import = 2

========================================================================
Received Import Request.
  Time since last request: 0.000049 seconds.
  path: Assets/Packages/SimpleLowPolyNature/Materials/Mushroom1Mat.mat
  artifactKey: Guid(5835797300e10724eb31a26fa6baa1a6) Importer(815301076,1909f56bfc062723c751e8b465ee728b)
Start importing Assets/Packages/SimpleLowPolyNature/Materials/Mushroom1Mat.mat using Guid(5835797300e10724eb31a26fa6baa1a6) Importer(815301076,1909f56bfc062723c751e8b465ee728b) (PreviewImporter) -> (artifact id: 'f8c6dcd6c1f11c870fdf8ec2f739c353') in 0.0188024 seconds
Number of updated asset objects reloaded before import = 0Number of asset objects unloaded after import = 1

========================================================================
Received Import Request.
  Time since last request: 0.000030 seconds.
  path: Assets/Packages/SimpleLowPolyNature/Materials/Flower4Mat.mat
  artifactKey: Guid(b043653feafde9a498c209b65e6b09a7) Importer(815301076,1909f56bfc062723c751e8b465ee728b)
Start importing Assets/Packages/SimpleLowPolyNature/Materials/Flower4Mat.mat using Guid(b043653feafde9a498c209b65e6b09a7) Importer(815301076,1909f56bfc062723c751e8b465ee728b) (PreviewImporter) -> (artifact id: 'c5d7ba40ac7972c791b3c8a1385c03d6') in 0.0139457 seconds
Number of updated asset objects reloaded before import = 0Number of asset objects unloaded after import = 1

========================================================================
Received Import Request.
  Time since last request: 10.768992 seconds.
  path: Assets/Packages/PolygonNatureBiomes/PNB_Alpine_Mountain/Materials/GlacierIce.mat
  artifactKey: Guid(6b10ca80c125ae74bbf8f4fcc0b5b63d) Importer(815301076,1909f56bfc062723c751e8b465ee728b)
Start importing Assets/Packages/PolygonNatureBiomes/PNB_Alpine_Mountain/Materials/GlacierIce.mat using Guid(6b10ca80c125ae74bbf8f4fcc0b5b63d) Importer(815301076,1909f56bfc062723c751e8b465ee728b) (PreviewImporter) -> (artifact id: '6d594ed5b7e9306e06fdc4962703c57d') in 0.0899603 seconds
Number of updated asset objects reloaded before import = 0Number of asset objects unloaded after import = 2

========================================================================
Received Import Request.
  Time since last request: 0.000024 seconds.
  path: Assets/Packages/PolygonNatureBiomes/PNB_Alpine_Mountain/Materials/Ice.mat
  artifactKey: Guid(5e25fe6660ee9c4409d219e3966276b2) Importer(815301076,1909f56bfc062723c751e8b465ee728b)
Start importing Assets/Packages/PolygonNatureBiomes/PNB_Alpine_Mountain/Materials/Ice.mat using Guid(5e25fe6660ee9c4409d219e3966276b2) Importer(815301076,1909f56bfc062723c751e8b465ee728b) (PreviewImporter) -> (artifact id: '54ebe7630e9d65c1d86aeb89449aa8fe') in 0.1356207 seconds
Number of updated asset objects reloaded before import = 0Number of asset objects unloaded after import = 3

========================================================================
Received Import Request.
  Time since last request: 0.000029 seconds.
  path: Assets/Packages/PolygonNatureBiomes/PNB_Alpine_Mountain/Materials/Moss_03.mat
  artifactKey: Guid(c312feabd598f624d8b2c83e6b9f331b) Importer(815301076,1909f56bfc062723c751e8b465ee728b)
Start importing Assets/Packages/PolygonNatureBiomes/PNB_Alpine_Mountain/Materials/Moss_03.mat using Guid(c312feabd598f624d8b2c83e6b9f331b) Importer(815301076,1909f56bfc062723c751e8b465ee728b) (PreviewImporter) -> (artifact id: '3c6519ed5e35c55148f7db7f54aab1fc') in 0.171459 seconds
Number of updated asset objects reloaded before import = 0Number of asset objects unloaded after import = 3

========================================================================
Received Import Request.
  Time since last request: 0.000026 seconds.
  path: Assets/Packages/PolygonNatureBiomes/PNB_Alpine_Mountain/Materials/Triplanar_Snow_01.mat
  artifactKey: Guid(af5e54748a72e29488017a5d83180d7b) Importer(815301076,1909f56bfc062723c751e8b465ee728b)
Start importing Assets/Packages/PolygonNatureBiomes/PNB_Alpine_Mountain/Materials/Triplanar_Snow_01.mat using Guid(af5e54748a72e29488017a5d83180d7b) Importer(815301076,1909f56bfc062723c751e8b465ee728b) (PreviewImporter) -> (artifact id: '03c508b3abe1dc04209357a37c8003d8') in 0.0674657 seconds
Number of updated asset objects reloaded before import = 0Number of asset objects unloaded after import = 6

========================================================================
Received Import Request.
  Time since last request: 0.000035 seconds.
  path: Assets/Packages/PolygonNatureBiomes/PNB_Alpine_Mountain/Materials/Triplanar_Glacier_02.mat
  artifactKey: Guid(95dddada1a8f07f49a759d9c5705085c) Importer(815301076,1909f56bfc062723c751e8b465ee728b)
Start importing Assets/Packages/PolygonNatureBiomes/PNB_Alpine_Mountain/Materials/Triplanar_Glacier_02.mat using Guid(95dddada1a8f07f49a759d9c5705085c) Importer(815301076,1909f56bfc062723c751e8b465ee728b) (PreviewImporter) -> (artifact id: 'da5f303ec5bc5afa4182b69d428c0348') in 0.1254803 seconds
Number of updated asset objects reloaded before import = 0Number of asset objects unloaded after import = 6

========================================================================
Received Import Request.
  Time since last request: 0.000033 seconds.
  path: Assets/Packages/PolygonNatureBiomes/PNB_Alpine_Mountain/Materials/Snow_Rock_Tri_Background.mat
  artifactKey: Guid(f15a4ec6a7338534b99462cff2411071) Importer(815301076,1909f56bfc062723c751e8b465ee728b)
Start importing Assets/Packages/PolygonNatureBiomes/PNB_Alpine_Mountain/Materials/Snow_Rock_Tri_Background.mat using Guid(f15a4ec6a7338534b99462cff2411071) Importer(815301076,1909f56bfc062723c751e8b465ee728b) (PreviewImporter) -> (artifact id: '89bc6950ce9871eb39b8e58559817764') in 0.0215463 seconds
Number of updated asset objects reloaded before import = 0Number of asset objects unloaded after import = 6

========================================================================
Received Import Request.
  Time since last request: 0.000043 seconds.
  path: Assets/Packages/PolygonNatureBiomes/PNB_Alpine_Mountain/Materials/Grass_Rock_Tri_02.mat
  artifactKey: Guid(15a8d61ed2831f0439d6e091f69ba801) Importer(815301076,1909f56bfc062723c751e8b465ee728b)
Start importing Assets/Packages/PolygonNatureBiomes/PNB_Alpine_Mountain/Materials/Grass_Rock_Tri_02.mat using Guid(15a8d61ed2831f0439d6e091f69ba801) Importer(815301076,1909f56bfc062723c751e8b465ee728b) (PreviewImporter) -> (artifact id: 'a3f53b8d7ef1dd5a6b2bbbe3e0d5d408') in 0.0648286 seconds
Number of updated asset objects reloaded before import = 0Number of asset objects unloaded after import = 6

========================================================================
Received Import Request.
  Time since last request: 0.000027 seconds.
  path: Assets/Packages/PolygonNatureBiomes/PNB_Alpine_Mountain/Materials/Triplanar_Glacier_01.mat
  artifactKey: Guid(27b6d5faee2b8f647b273f079a056798) Importer(815301076,1909f56bfc062723c751e8b465ee728b)
Start importing Assets/Packages/PolygonNatureBiomes/PNB_Alpine_Mountain/Materials/Triplanar_Glacier_01.mat using Guid(27b6d5faee2b8f647b273f079a056798) Importer(815301076,1909f56bfc062723c751e8b465ee728b) (PreviewImporter) -> (artifact id: '24f781d8b30e699331b3c065053c7cd7') in 0.0220845 seconds
Number of updated asset objects reloaded before import = 0Number of asset objects unloaded after import = 6

Editor requested this worker to shutdown with reason: Scaling down because of idle timeout
AssetImportWorker is now disconnected from the server
Process exiting
Exiting without the bug reporter. Application will terminate with return code 0